<?xml version="1.0" encoding="UTF-8"?>
<testng-results skipped="0" failed="0" total="1" passed="1">
  <reporter-output>
  </reporter-output>
  <suite name="RegressionSutie" duration-ms="64558" started-at="2017-05-22T13:48:55Z" finished-at="2017-05-22T13:50:00Z">
    <groups>
    </groups>
    <test name="CialfoNewversion" duration-ms="64558" started-at="2017-05-22T13:48:55Z" finished-at="2017-05-22T13:50:00Z">
      <class name="BasePackage.BaseClass">
        <test-method status="PASS" signature="launchAUTApplication()[pri:0, instance:BasePackage.BaseClass@77cd7a0]" name="launchAUTApplication" is-config="true" duration-ms="6807" started-at="2017-05-22T19:18:48Z" finished-at="2017-05-22T19:18:55Z">
          <reporter-output>
          </reporter-output>
        </test-method> <!-- launchAUTApplication -->
        <test-method status="PASS" signature="cleanUp()[pri:0, instance:BasePackage.BaseClass@77cd7a0]" name="cleanUp" is-config="true" duration-ms="118" started-at="2017-05-22T19:20:00Z" finished-at="2017-05-22T19:20:00Z">
          <reporter-output>
          </reporter-output>
        </test-method> <!-- cleanUp -->
      </class> <!-- BasePackage.BaseClass -->
      <class name="TestCialfoNew.MyTest">
        <test-method status="PASS" signature="testt()[pri:0, instance:TestCialfoNew.MyTest@204f30ec]" name="testt" duration-ms="64532" started-at="2017-05-22T19:18:55Z" finished-at="2017-05-22T19:20:00Z">
          <reporter-output>
          </reporter-output>
        </test-method> <!-- testt -->
      </class> <!-- TestCialfoNew.MyTest -->
    </test> <!-- CialfoNewversion -->
  </suite> <!-- RegressionSutie -->
</testng-results>
