<?xml version="1.0" encoding="UTF-8"?>
<testng-results skipped="0" failed="0" total="1" passed="1">
  <reporter-output>
  </reporter-output>
  <suite name="RegressionSutie" duration-ms="3546" started-at="2017-08-18T15:15:33Z" finished-at="2017-08-18T15:15:36Z">
    <groups>
    </groups>
    <test name="CialfoNewversion" duration-ms="3546" started-at="2017-08-18T15:15:33Z" finished-at="2017-08-18T15:15:36Z">
      <class name="BasePackage.BaseClass">
        <test-method status="PASS" signature="launchAUTApplication()[pri:0, instance:BasePackage.BaseClass@77cd7a0]" name="launchAUTApplication" is-config="true" duration-ms="8159" started-at="2017-08-18T20:45:24Z" finished-at="2017-08-18T20:45:33Z">
          <reporter-output>
          </reporter-output>
        </test-method> <!-- launchAUTApplication -->
        <test-method status="PASS" signature="cleanUp()[pri:0, instance:BasePackage.BaseClass@77cd7a0]" name="cleanUp" is-config="true" duration-ms="64" started-at="2017-08-18T20:45:36Z" finished-at="2017-08-18T20:45:36Z">
          <reporter-output>
          </reporter-output>
        </test-method> <!-- cleanUp -->
      </class> <!-- BasePackage.BaseClass -->
      <class name="TestCialfoNew.MyTest">
        <test-method status="PASS" signature="hdhd()[pri:0, instance:TestCialfoNew.MyTest@204f30ec]" name="hdhd" duration-ms="3516" started-at="2017-08-18T20:45:33Z" finished-at="2017-08-18T20:45:36Z">
          <reporter-output>
          </reporter-output>
        </test-method> <!-- hdhd -->
      </class> <!-- TestCialfoNew.MyTest -->
    </test> <!-- CialfoNewversion -->
  </suite> <!-- RegressionSutie -->
</testng-results>
