<?xml version="1.0" encoding="UTF-8"?>
<testng-results skipped="0" failed="0" total="2" passed="2">
  <reporter-output>
  </reporter-output>
  <suite name="RegressionSutie" duration-ms="7970" started-at="2017-12-01T07:44:39Z" finished-at="2017-12-01T07:44:47Z">
    <groups>
    </groups>
    <test name="CialfoNewversion" duration-ms="7970" started-at="2017-12-01T07:44:39Z" finished-at="2017-12-01T07:44:47Z">
      <class name="TestCialfoNew.SwimmersTest">
        <test-method status="PASS" signature="addSwimmer()[pri:10, instance:TestCialfoNew.SwimmersTest@204f30ec]" name="addSwimmer" duration-ms="5617" started-at="2017-12-01T13:14:39Z" finished-at="2017-12-01T13:14:45Z">
          <reporter-output>
          </reporter-output>
        </test-method> <!-- addSwimmer -->
        <test-method status="PASS" signature="verifySwimmerInUnassignedList()[pri:11, instance:TestCialfoNew.SwimmersTest@204f30ec]" name="verifySwimmerInUnassignedList" duration-ms="2330" started-at="2017-12-01T13:14:45Z" finished-at="2017-12-01T13:14:47Z">
          <reporter-output>
          </reporter-output>
        </test-method> <!-- verifySwimmerInUnassignedList -->
      </class> <!-- TestCialfoNew.SwimmersTest -->
      <class name="BasePackage.BaseClass">
        <test-method status="PASS" signature="launchAUTApplication()[pri:0, instance:BasePackage.BaseClass@77cd7a0]" name="launchAUTApplication" is-config="true" duration-ms="17957" started-at="2017-12-01T13:14:21Z" finished-at="2017-12-01T13:14:39Z">
          <reporter-output>
          </reporter-output>
        </test-method> <!-- launchAUTApplication -->
        <test-method status="PASS" signature="cleanUp()[pri:0, instance:BasePackage.BaseClass@77cd7a0]" name="cleanUp" is-config="true" duration-ms="80" started-at="2017-12-01T13:14:48Z" finished-at="2017-12-01T13:14:48Z">
          <reporter-output>
          </reporter-output>
        </test-method> <!-- cleanUp -->
      </class> <!-- BasePackage.BaseClass -->
    </test> <!-- CialfoNewversion -->
  </suite> <!-- RegressionSutie -->
</testng-results>
