<?xml version="1.0" encoding="UTF-8"?>
<testng-results skipped="0" failed="7" total="16" passed="9">
  <reporter-output>
  </reporter-output>
  <suite name="RegressionSutie" duration-ms="42756" started-at="2017-04-24T15:08:29Z" finished-at="2017-04-24T15:09:12Z">
    <groups>
    </groups>
    <test name="CialfoNewversion" duration-ms="42756" started-at="2017-04-24T15:08:29Z" finished-at="2017-04-24T15:09:12Z">
      <class name="TestCialfoNew.RegistrationTest">
        <test-method status="FAIL" signature="validRegistration()[pri:1, instance:TestCialfoNew.RegistrationTest@146ba0ac]" name="validRegistration" duration-ms="2777" started-at="2017-04-24T20:38:29Z" finished-at="2017-04-24T20:38:32Z">
          <exception class="org.openqa.selenium.support.ui.UnexpectedTagNameException">
            <message>
              <![CDATA[Element should have been "select" but was "span"
Build info: version: '2.53.1', revision: 'a36b8b1cd5757287168e54b817830adce9b0158d', time: '2016-06-30 19:26:09'
System info: host: 'NIS-PC091', ip: '192.168.1.91', os.name: 'Windows 10', os.arch: 'amd64', os.version: '10.0', java.version: '1.8.0_92'
Driver info: driver.version: unknown]]>
            </message>
            <full-stacktrace>
              <![CDATA[org.openqa.selenium.support.ui.UnexpectedTagNameException: Element should have been "select" but was "span"
Build info: version: '2.53.1', revision: 'a36b8b1cd5757287168e54b817830adce9b0158d', time: '2016-06-30 19:26:09'
System info: host: 'NIS-PC091', ip: '192.168.1.91', os.name: 'Windows 10', os.arch: 'amd64', os.version: '10.0', java.version: '1.8.0_92'
Driver info: driver.version: unknown
	at org.openqa.selenium.support.ui.Select.<init>(Select.java:47)
	at BasePackage.Utility.selectValueByVisibleText(Utility.java:30)
	at Pages.RegisterForm.selectClubFromDropdownlist(RegisterForm.java:123)
	at TestCialfoNew.RegistrationTest.validRegistration(RegistrationTest.java:53)
	at sun.reflect.NativeMethodAccessorImpl.invoke0(Native Method)
	at sun.reflect.NativeMethodAccessorImpl.invoke(Unknown Source)
	at sun.reflect.DelegatingMethodAccessorImpl.invoke(Unknown Source)
	at java.lang.reflect.Method.invoke(Unknown Source)
	at org.testng.internal.MethodInvocationHelper.invokeMethod(MethodInvocationHelper.java:100)
	at org.testng.internal.Invoker.invokeMethod(Invoker.java:646)
	at org.testng.internal.Invoker.invokeTestMethod(Invoker.java:811)
	at org.testng.internal.Invoker.invokeTestMethods(Invoker.java:1129)
	at org.testng.internal.TestMethodWorker.invokeTestMethods(TestMethodWorker.java:129)
	at org.testng.internal.TestMethodWorker.run(TestMethodWorker.java:112)
	at org.testng.TestRunner.privateRun(TestRunner.java:746)
	at org.testng.TestRunner.run(TestRunner.java:600)
	at org.testng.SuiteRunner.runTest(SuiteRunner.java:366)
	at org.testng.SuiteRunner.runSequentially(SuiteRunner.java:361)
	at org.testng.SuiteRunner.privateRun(SuiteRunner.java:319)
	at org.testng.SuiteRunner.run(SuiteRunner.java:268)
	at org.testng.SuiteRunnerWorker.runSuite(SuiteRunnerWorker.java:52)
	at org.testng.SuiteRunnerWorker.run(SuiteRunnerWorker.java:86)
	at org.testng.TestNG.runSuitesSequentially(TestNG.java:1264)
	at org.testng.TestNG.runSuitesLocally(TestNG.java:1189)
	at org.testng.TestNG.runSuites(TestNG.java:1104)
	at org.testng.TestNG.run(TestNG.java:1076)
	at org.testng.remote.AbstractRemoteTestNG.run(AbstractRemoteTestNG.java:126)
	at org.testng.remote.RemoteTestNG.initAndRun(RemoteTestNG.java:152)
	at org.testng.remote.RemoteTestNG.main(RemoteTestNG.java:57)
]]>
            </full-stacktrace>
          </exception> <!-- org.openqa.selenium.support.ui.UnexpectedTagNameException -->
          <reporter-output>
          </reporter-output>
        </test-method> <!-- validRegistration -->
        <test-method status="PASS" signature="clickGoTOSignpage()[pri:0, instance:TestCialfoNew.RegistrationTest@146ba0ac]" name="clickGoTOSignpage" is-config="true" duration-ms="1366" started-at="2017-04-24T20:38:32Z" finished-at="2017-04-24T20:38:33Z">
          <reporter-output>
          </reporter-output>
        </test-method> <!-- clickGoTOSignpage -->
        <test-method status="PASS" signature="emptyUserNamevalidationchecks()[pri:2, instance:TestCialfoNew.RegistrationTest@146ba0ac]" name="emptyUserNamevalidationchecks" duration-ms="2411" started-at="2017-04-24T20:38:33Z" finished-at="2017-04-24T20:38:36Z">
          <reporter-output>
          </reporter-output>
        </test-method> <!-- emptyUserNamevalidationchecks -->
        <test-method status="PASS" signature="clickGoTOSignpage()[pri:0, instance:TestCialfoNew.RegistrationTest@146ba0ac]" name="clickGoTOSignpage" is-config="true" duration-ms="878" started-at="2017-04-24T20:38:36Z" finished-at="2017-04-24T20:38:37Z">
          <reporter-output>
          </reporter-output>
        </test-method> <!-- clickGoTOSignpage -->
        <test-method status="PASS" signature="emptyEmailIDChecks()[pri:3, instance:TestCialfoNew.RegistrationTest@146ba0ac]" name="emptyEmailIDChecks" duration-ms="2712" started-at="2017-04-24T20:38:37Z" finished-at="2017-04-24T20:38:39Z">
          <reporter-output>
          </reporter-output>
        </test-method> <!-- emptyEmailIDChecks -->
        <test-method status="PASS" signature="clickGoTOSignpage()[pri:0, instance:TestCialfoNew.RegistrationTest@146ba0ac]" name="clickGoTOSignpage" is-config="true" duration-ms="645" started-at="2017-04-24T20:38:39Z" finished-at="2017-04-24T20:38:40Z">
          <reporter-output>
          </reporter-output>
        </test-method> <!-- clickGoTOSignpage -->
        <test-method status="PASS" signature="invalidEmailIdvalidationChecks()[pri:4, instance:TestCialfoNew.RegistrationTest@146ba0ac]" name="invalidEmailIdvalidationChecks" duration-ms="2292" started-at="2017-04-24T20:38:40Z" finished-at="2017-04-24T20:38:42Z">
          <reporter-output>
          </reporter-output>
        </test-method> <!-- invalidEmailIdvalidationChecks -->
        <test-method status="PASS" signature="clickGoTOSignpage()[pri:0, instance:TestCialfoNew.RegistrationTest@146ba0ac]" name="clickGoTOSignpage" is-config="true" duration-ms="644" started-at="2017-04-24T20:38:42Z" finished-at="2017-04-24T20:38:43Z">
          <reporter-output>
          </reporter-output>
        </test-method> <!-- clickGoTOSignpage -->
        <test-method status="FAIL" signature="existingEmailIDValidationChecks()[pri:5, instance:TestCialfoNew.RegistrationTest@146ba0ac]" name="existingEmailIDValidationChecks" duration-ms="2298" started-at="2017-04-24T20:38:43Z" finished-at="2017-04-24T20:38:45Z">
          <exception class="junit.framework.ComparisonFailure">
            <message>
              <![CDATA[expected:<Please Select Club> but was:<Email you are entered not available>]]>
            </message>
            <full-stacktrace>
              <![CDATA[junit.framework.ComparisonFailure: expected:<Please Select Club> but was:<Email you are entered not available>
	at junit.framework.Assert.assertEquals(Assert.java:81)
	at junit.framework.Assert.assertEquals(Assert.java:87)
	at TestCialfoNew.RegistrationTest.existingEmailIDValidationChecks(RegistrationTest.java:151)
	at sun.reflect.NativeMethodAccessorImpl.invoke0(Native Method)
	at sun.reflect.NativeMethodAccessorImpl.invoke(Unknown Source)
	at sun.reflect.DelegatingMethodAccessorImpl.invoke(Unknown Source)
	at java.lang.reflect.Method.invoke(Unknown Source)
	at org.testng.internal.MethodInvocationHelper.invokeMethod(MethodInvocationHelper.java:100)
	at org.testng.internal.Invoker.invokeMethod(Invoker.java:646)
	at org.testng.internal.Invoker.invokeTestMethod(Invoker.java:811)
	at org.testng.internal.Invoker.invokeTestMethods(Invoker.java:1129)
	at org.testng.internal.TestMethodWorker.invokeTestMethods(TestMethodWorker.java:129)
	at org.testng.internal.TestMethodWorker.run(TestMethodWorker.java:112)
	at org.testng.TestRunner.privateRun(TestRunner.java:746)
	at org.testng.TestRunner.run(TestRunner.java:600)
	at org.testng.SuiteRunner.runTest(SuiteRunner.java:366)
	at org.testng.SuiteRunner.runSequentially(SuiteRunner.java:361)
	at org.testng.SuiteRunner.privateRun(SuiteRunner.java:319)
	at org.testng.SuiteRunner.run(SuiteRunner.java:268)
	at org.testng.SuiteRunnerWorker.runSuite(SuiteRunnerWorker.java:52)
	at org.testng.SuiteRunnerWorker.run(SuiteRunnerWorker.java:86)
	at org.testng.TestNG.runSuitesSequentially(TestNG.java:1264)
	at org.testng.TestNG.runSuitesLocally(TestNG.java:1189)
	at org.testng.TestNG.runSuites(TestNG.java:1104)
	at org.testng.TestNG.run(TestNG.java:1076)
	at org.testng.remote.AbstractRemoteTestNG.run(AbstractRemoteTestNG.java:126)
	at org.testng.remote.RemoteTestNG.initAndRun(RemoteTestNG.java:152)
	at org.testng.remote.RemoteTestNG.main(RemoteTestNG.java:57)
]]>
            </full-stacktrace>
          </exception> <!-- junit.framework.ComparisonFailure -->
          <reporter-output>
          </reporter-output>
        </test-method> <!-- existingEmailIDValidationChecks -->
        <test-method status="PASS" signature="clickGoTOSignpage()[pri:0, instance:TestCialfoNew.RegistrationTest@146ba0ac]" name="clickGoTOSignpage" is-config="true" duration-ms="655" started-at="2017-04-24T20:38:45Z" finished-at="2017-04-24T20:38:46Z">
          <reporter-output>
          </reporter-output>
        </test-method> <!-- clickGoTOSignpage -->
        <test-method status="PASS" signature="emptyFirstnameValidationChecks()[pri:6, instance:TestCialfoNew.RegistrationTest@146ba0ac]" name="emptyFirstnameValidationChecks" duration-ms="2476" started-at="2017-04-24T20:38:46Z" finished-at="2017-04-24T20:38:48Z">
          <reporter-output>
          </reporter-output>
        </test-method> <!-- emptyFirstnameValidationChecks -->
        <test-method status="PASS" signature="clickGoTOSignpage()[pri:0, instance:TestCialfoNew.RegistrationTest@146ba0ac]" name="clickGoTOSignpage" is-config="true" duration-ms="666" started-at="2017-04-24T20:38:48Z" finished-at="2017-04-24T20:38:49Z">
          <reporter-output>
          </reporter-output>
        </test-method> <!-- clickGoTOSignpage -->
        <test-method status="PASS" signature="emptyLastNameValidationChecks()[pri:7, instance:TestCialfoNew.RegistrationTest@146ba0ac]" name="emptyLastNameValidationChecks" duration-ms="2374" started-at="2017-04-24T20:38:49Z" finished-at="2017-04-24T20:38:51Z">
          <reporter-output>
          </reporter-output>
        </test-method> <!-- emptyLastNameValidationChecks -->
        <test-method status="PASS" signature="clickGoTOSignpage()[pri:0, instance:TestCialfoNew.RegistrationTest@146ba0ac]" name="clickGoTOSignpage" is-config="true" duration-ms="699" started-at="2017-04-24T20:38:51Z" finished-at="2017-04-24T20:38:52Z">
          <reporter-output>
          </reporter-output>
        </test-method> <!-- clickGoTOSignpage -->
        <test-method status="PASS" signature="emptyPhoneNoValidationChecks()[pri:8, instance:TestCialfoNew.RegistrationTest@146ba0ac]" name="emptyPhoneNoValidationChecks" duration-ms="2310" started-at="2017-04-24T20:38:52Z" finished-at="2017-04-24T20:38:54Z">
          <reporter-output>
          </reporter-output>
        </test-method> <!-- emptyPhoneNoValidationChecks -->
        <test-method status="PASS" signature="clickGoTOSignpage()[pri:0, instance:TestCialfoNew.RegistrationTest@146ba0ac]" name="clickGoTOSignpage" is-config="true" duration-ms="718" started-at="2017-04-24T20:38:54Z" finished-at="2017-04-24T20:38:55Z">
          <reporter-output>
          </reporter-output>
        </test-method> <!-- clickGoTOSignpage -->
        <test-method status="PASS" signature="inValidMobileNOvalidationChecks()[pri:9, instance:TestCialfoNew.RegistrationTest@146ba0ac]" name="inValidMobileNOvalidationChecks" duration-ms="2427" started-at="2017-04-24T20:38:55Z" finished-at="2017-04-24T20:38:58Z">
          <reporter-output>
          </reporter-output>
        </test-method> <!-- inValidMobileNOvalidationChecks -->
        <test-method status="PASS" signature="clickGoTOSignpage()[pri:0, instance:TestCialfoNew.RegistrationTest@146ba0ac]" name="clickGoTOSignpage" is-config="true" duration-ms="649" started-at="2017-04-24T20:38:58Z" finished-at="2017-04-24T20:38:58Z">
          <reporter-output>
          </reporter-output>
        </test-method> <!-- clickGoTOSignpage -->
        <test-method status="PASS" signature="inValidPasswordErrorChecks()[pri:10, instance:TestCialfoNew.RegistrationTest@146ba0ac]" name="inValidPasswordErrorChecks" duration-ms="2346" started-at="2017-04-24T20:38:58Z" finished-at="2017-04-24T20:39:01Z">
          <reporter-output>
          </reporter-output>
        </test-method> <!-- inValidPasswordErrorChecks -->
        <test-method status="PASS" signature="clickGoTOSignpage()[pri:0, instance:TestCialfoNew.RegistrationTest@146ba0ac]" name="clickGoTOSignpage" is-config="true" duration-ms="664" started-at="2017-04-24T20:39:01Z" finished-at="2017-04-24T20:39:01Z">
          <reporter-output>
          </reporter-output>
        </test-method> <!-- clickGoTOSignpage -->
        <test-method status="FAIL" signature="missMatchPasswordvalidationChecks()[pri:11, instance:TestCialfoNew.RegistrationTest@146ba0ac]" name="missMatchPasswordvalidationChecks" duration-ms="2282" started-at="2017-04-24T20:39:01Z" finished-at="2017-04-24T20:39:03Z">
          <exception class="junit.framework.ComparisonFailure">
            <message>
              <![CDATA[expected:<Password do not match.> but was:<>]]>
            </message>
            <full-stacktrace>
              <![CDATA[junit.framework.ComparisonFailure: expected:<Password do not match.> but was:<>
	at junit.framework.Assert.assertEquals(Assert.java:81)
	at junit.framework.Assert.assertEquals(Assert.java:87)
	at TestCialfoNew.RegistrationTest.missMatchPasswordvalidationChecks(RegistrationTest.java:288)
	at sun.reflect.NativeMethodAccessorImpl.invoke0(Native Method)
	at sun.reflect.NativeMethodAccessorImpl.invoke(Unknown Source)
	at sun.reflect.DelegatingMethodAccessorImpl.invoke(Unknown Source)
	at java.lang.reflect.Method.invoke(Unknown Source)
	at org.testng.internal.MethodInvocationHelper.invokeMethod(MethodInvocationHelper.java:100)
	at org.testng.internal.Invoker.invokeMethod(Invoker.java:646)
	at org.testng.internal.Invoker.invokeTestMethod(Invoker.java:811)
	at org.testng.internal.Invoker.invokeTestMethods(Invoker.java:1129)
	at org.testng.internal.TestMethodWorker.invokeTestMethods(TestMethodWorker.java:129)
	at org.testng.internal.TestMethodWorker.run(TestMethodWorker.java:112)
	at org.testng.TestRunner.privateRun(TestRunner.java:746)
	at org.testng.TestRunner.run(TestRunner.java:600)
	at org.testng.SuiteRunner.runTest(SuiteRunner.java:366)
	at org.testng.SuiteRunner.runSequentially(SuiteRunner.java:361)
	at org.testng.SuiteRunner.privateRun(SuiteRunner.java:319)
	at org.testng.SuiteRunner.run(SuiteRunner.java:268)
	at org.testng.SuiteRunnerWorker.runSuite(SuiteRunnerWorker.java:52)
	at org.testng.SuiteRunnerWorker.run(SuiteRunnerWorker.java:86)
	at org.testng.TestNG.runSuitesSequentially(TestNG.java:1264)
	at org.testng.TestNG.runSuitesLocally(TestNG.java:1189)
	at org.testng.TestNG.runSuites(TestNG.java:1104)
	at org.testng.TestNG.run(TestNG.java:1076)
	at org.testng.remote.AbstractRemoteTestNG.run(AbstractRemoteTestNG.java:126)
	at org.testng.remote.RemoteTestNG.initAndRun(RemoteTestNG.java:152)
	at org.testng.remote.RemoteTestNG.main(RemoteTestNG.java:57)
]]>
            </full-stacktrace>
          </exception> <!-- junit.framework.ComparisonFailure -->
          <reporter-output>
          </reporter-output>
        </test-method> <!-- missMatchPasswordvalidationChecks -->
        <test-method status="PASS" signature="clickGoTOSignpage()[pri:0, instance:TestCialfoNew.RegistrationTest@146ba0ac]" name="clickGoTOSignpage" is-config="true" duration-ms="723" started-at="2017-04-24T20:39:03Z" finished-at="2017-04-24T20:39:04Z">
          <reporter-output>
          </reporter-output>
        </test-method> <!-- clickGoTOSignpage -->
        <test-method status="PASS" signature="emptyLocationvalidationChecks()[pri:12, instance:TestCialfoNew.RegistrationTest@146ba0ac]" name="emptyLocationvalidationChecks" duration-ms="2613" started-at="2017-04-24T20:39:04Z" finished-at="2017-04-24T20:39:07Z">
          <reporter-output>
          </reporter-output>
        </test-method> <!-- emptyLocationvalidationChecks -->
        <test-method status="PASS" signature="clickGoTOSignpage()[pri:0, instance:TestCialfoNew.RegistrationTest@146ba0ac]" name="clickGoTOSignpage" is-config="true" duration-ms="728" started-at="2017-04-24T20:39:07Z" finished-at="2017-04-24T20:39:08Z">
          <reporter-output>
          </reporter-output>
        </test-method> <!-- clickGoTOSignpage -->
      </class> <!-- TestCialfoNew.RegistrationTest -->
      <class name="BasePackage.BaseClass">
        <test-method status="PASS" signature="launchAUTApplication()[pri:0, instance:BasePackage.BaseClass@754ba872]" name="launchAUTApplication" is-config="true" duration-ms="9369" started-at="2017-04-24T20:38:20Z" finished-at="2017-04-24T20:38:29Z">
          <reporter-output>
          </reporter-output>
        </test-method> <!-- launchAUTApplication -->
        <test-method status="PASS" signature="cleanUp()[pri:0, instance:BasePackage.BaseClass@754ba872]" name="cleanUp" is-config="true" duration-ms="289" started-at="2017-04-24T20:39:12Z" finished-at="2017-04-24T20:39:12Z">
          <reporter-output>
          </reporter-output>
        </test-method> <!-- cleanUp -->
      </class> <!-- BasePackage.BaseClass -->
      <class name="TestCialfoNew.ForgotPasswordTest">
        <test-method status="FAIL" signature="ValidForgotPassword()[pri:1, instance:TestCialfoNew.ForgotPasswordTest@4dfa3a9d]" name="ValidForgotPassword" duration-ms="459" started-at="2017-04-24T20:39:08Z" finished-at="2017-04-24T20:39:08Z">
          <exception class="org.openqa.selenium.ElementNotVisibleException">
            <message>
              <![CDATA[element not visible
  (Session info: chrome=57.0.2987.133)
  (Driver info: chromedriver=2.27.440174 (e97a722caafc2d3a8b807ee115bfb307f7d2cfd9),platform=Windows NT 10.0.10586 x86_64) (WARNING: The server did not provide any stacktrace information)
Command duration or timeout: 34 milliseconds
Build info: version: '2.53.1', revision: 'a36b8b1cd5757287168e54b817830adce9b0158d', time: '2016-06-30 19:26:09'
System info: host: 'NIS-PC091', ip: '192.168.1.91', os.name: 'Windows 10', os.arch: 'amd64', os.version: '10.0', java.version: '1.8.0_92'
Driver info: org.openqa.selenium.chrome.ChromeDriver
Capabilities [{applicationCacheEnabled=false, rotatable=false, mobileEmulationEnabled=false, networkConnectionEnabled=false, chrome={chromedriverVersion=2.27.440174 (e97a722caafc2d3a8b807ee115bfb307f7d2cfd9), userDataDir=C:\Users\NICHIU~1\AppData\Local\Temp\scoped_dir3328_8952}, takesHeapSnapshot=true, pageLoadStrategy=normal, databaseEnabled=false, handlesAlerts=true, hasTouchScreen=false, version=57.0.2987.133, platform=XP, browserConnectionEnabled=false, nativeEvents=true, acceptSslCerts=true, locationContextEnabled=true, webStorageEnabled=true, browserName=chrome, takesScreenshot=true, javascriptEnabled=true, cssSelectorsEnabled=true, unexpectedAlertBehaviour=}]
Session ID: d8c33c8a1964df592885c31ea8fc10d8]]>
            </message>
            <full-stacktrace>
              <![CDATA[org.openqa.selenium.ElementNotVisibleException: element not visible
  (Session info: chrome=57.0.2987.133)
  (Driver info: chromedriver=2.27.440174 (e97a722caafc2d3a8b807ee115bfb307f7d2cfd9),platform=Windows NT 10.0.10586 x86_64) (WARNING: The server did not provide any stacktrace information)
Command duration or timeout: 34 milliseconds
Build info: version: '2.53.1', revision: 'a36b8b1cd5757287168e54b817830adce9b0158d', time: '2016-06-30 19:26:09'
System info: host: 'NIS-PC091', ip: '192.168.1.91', os.name: 'Windows 10', os.arch: 'amd64', os.version: '10.0', java.version: '1.8.0_92'
Driver info: org.openqa.selenium.chrome.ChromeDriver
Capabilities [{applicationCacheEnabled=false, rotatable=false, mobileEmulationEnabled=false, networkConnectionEnabled=false, chrome={chromedriverVersion=2.27.440174 (e97a722caafc2d3a8b807ee115bfb307f7d2cfd9), userDataDir=C:\Users\NICHIU~1\AppData\Local\Temp\scoped_dir3328_8952}, takesHeapSnapshot=true, pageLoadStrategy=normal, databaseEnabled=false, handlesAlerts=true, hasTouchScreen=false, version=57.0.2987.133, platform=XP, browserConnectionEnabled=false, nativeEvents=true, acceptSslCerts=true, locationContextEnabled=true, webStorageEnabled=true, browserName=chrome, takesScreenshot=true, javascriptEnabled=true, cssSelectorsEnabled=true, unexpectedAlertBehaviour=}]
Session ID: d8c33c8a1964df592885c31ea8fc10d8
	at sun.reflect.NativeConstructorAccessorImpl.newInstance0(Native Method)
	at sun.reflect.NativeConstructorAccessorImpl.newInstance(Unknown Source)
	at sun.reflect.DelegatingConstructorAccessorImpl.newInstance(Unknown Source)
	at java.lang.reflect.Constructor.newInstance(Unknown Source)
	at org.openqa.selenium.remote.ErrorHandler.createThrowable(ErrorHandler.java:206)
	at org.openqa.selenium.remote.ErrorHandler.throwIfResponseFailed(ErrorHandler.java:158)
	at org.openqa.selenium.remote.RemoteWebDriver.execute(RemoteWebDriver.java:678)
	at org.openqa.selenium.remote.RemoteWebElement.execute(RemoteWebElement.java:327)
	at org.openqa.selenium.remote.RemoteWebElement.click(RemoteWebElement.java:85)
	at Pages.ForgotpasswordForm.clickSubmitButton(ForgotpasswordForm.java:38)
	at TestCialfoNew.ForgotPasswordTest.ValidForgotPassword(ForgotPasswordTest.java:28)
	at sun.reflect.NativeMethodAccessorImpl.invoke0(Native Method)
	at sun.reflect.NativeMethodAccessorImpl.invoke(Unknown Source)
	at sun.reflect.DelegatingMethodAccessorImpl.invoke(Unknown Source)
	at java.lang.reflect.Method.invoke(Unknown Source)
	at org.testng.internal.MethodInvocationHelper.invokeMethod(MethodInvocationHelper.java:100)
	at org.testng.internal.Invoker.invokeMethod(Invoker.java:646)
	at org.testng.internal.Invoker.invokeTestMethod(Invoker.java:811)
	at org.testng.internal.Invoker.invokeTestMethods(Invoker.java:1129)
	at org.testng.internal.TestMethodWorker.invokeTestMethods(TestMethodWorker.java:129)
	at org.testng.internal.TestMethodWorker.run(TestMethodWorker.java:112)
	at org.testng.TestRunner.privateRun(TestRunner.java:746)
	at org.testng.TestRunner.run(TestRunner.java:600)
	at org.testng.SuiteRunner.runTest(SuiteRunner.java:366)
	at org.testng.SuiteRunner.runSequentially(SuiteRunner.java:361)
	at org.testng.SuiteRunner.privateRun(SuiteRunner.java:319)
	at org.testng.SuiteRunner.run(SuiteRunner.java:268)
	at org.testng.SuiteRunnerWorker.runSuite(SuiteRunnerWorker.java:52)
	at org.testng.SuiteRunnerWorker.run(SuiteRunnerWorker.java:86)
	at org.testng.TestNG.runSuitesSequentially(TestNG.java:1264)
	at org.testng.TestNG.runSuitesLocally(TestNG.java:1189)
	at org.testng.TestNG.runSuites(TestNG.java:1104)
	at org.testng.TestNG.run(TestNG.java:1076)
	at org.testng.remote.AbstractRemoteTestNG.run(AbstractRemoteTestNG.java:126)
	at org.testng.remote.RemoteTestNG.initAndRun(RemoteTestNG.java:152)
	at org.testng.remote.RemoteTestNG.main(RemoteTestNG.java:57)
]]>
            </full-stacktrace>
          </exception> <!-- org.openqa.selenium.ElementNotVisibleException -->
          <reporter-output>
          </reporter-output>
        </test-method> <!-- ValidForgotPassword -->
        <test-method status="PASS" signature="openSignpage()[pri:0, instance:TestCialfoNew.ForgotPasswordTest@4dfa3a9d]" name="openSignpage" is-config="true" duration-ms="729" started-at="2017-04-24T20:39:08Z" finished-at="2017-04-24T20:39:09Z">
          <reporter-output>
          </reporter-output>
        </test-method> <!-- openSignpage -->
        <test-method status="FAIL" signature="newmailIDValidationError()[pri:2, instance:TestCialfoNew.ForgotPasswordTest@4dfa3a9d]" name="newmailIDValidationError" duration-ms="437" started-at="2017-04-24T20:39:09Z" finished-at="2017-04-24T20:39:09Z">
          <exception class="org.openqa.selenium.ElementNotVisibleException">
            <message>
              <![CDATA[element not visible
  (Session info: chrome=57.0.2987.133)
  (Driver info: chromedriver=2.27.440174 (e97a722caafc2d3a8b807ee115bfb307f7d2cfd9),platform=Windows NT 10.0.10586 x86_64) (WARNING: The server did not provide any stacktrace information)
Command duration or timeout: 23 milliseconds
Build info: version: '2.53.1', revision: 'a36b8b1cd5757287168e54b817830adce9b0158d', time: '2016-06-30 19:26:09'
System info: host: 'NIS-PC091', ip: '192.168.1.91', os.name: 'Windows 10', os.arch: 'amd64', os.version: '10.0', java.version: '1.8.0_92'
Driver info: org.openqa.selenium.chrome.ChromeDriver
Capabilities [{applicationCacheEnabled=false, rotatable=false, mobileEmulationEnabled=false, networkConnectionEnabled=false, chrome={chromedriverVersion=2.27.440174 (e97a722caafc2d3a8b807ee115bfb307f7d2cfd9), userDataDir=C:\Users\NICHIU~1\AppData\Local\Temp\scoped_dir3328_8952}, takesHeapSnapshot=true, pageLoadStrategy=normal, databaseEnabled=false, handlesAlerts=true, hasTouchScreen=false, version=57.0.2987.133, platform=XP, browserConnectionEnabled=false, nativeEvents=true, acceptSslCerts=true, locationContextEnabled=true, webStorageEnabled=true, browserName=chrome, takesScreenshot=true, javascriptEnabled=true, cssSelectorsEnabled=true, unexpectedAlertBehaviour=}]
Session ID: d8c33c8a1964df592885c31ea8fc10d8]]>
            </message>
            <full-stacktrace>
              <![CDATA[org.openqa.selenium.ElementNotVisibleException: element not visible
  (Session info: chrome=57.0.2987.133)
  (Driver info: chromedriver=2.27.440174 (e97a722caafc2d3a8b807ee115bfb307f7d2cfd9),platform=Windows NT 10.0.10586 x86_64) (WARNING: The server did not provide any stacktrace information)
Command duration or timeout: 23 milliseconds
Build info: version: '2.53.1', revision: 'a36b8b1cd5757287168e54b817830adce9b0158d', time: '2016-06-30 19:26:09'
System info: host: 'NIS-PC091', ip: '192.168.1.91', os.name: 'Windows 10', os.arch: 'amd64', os.version: '10.0', java.version: '1.8.0_92'
Driver info: org.openqa.selenium.chrome.ChromeDriver
Capabilities [{applicationCacheEnabled=false, rotatable=false, mobileEmulationEnabled=false, networkConnectionEnabled=false, chrome={chromedriverVersion=2.27.440174 (e97a722caafc2d3a8b807ee115bfb307f7d2cfd9), userDataDir=C:\Users\NICHIU~1\AppData\Local\Temp\scoped_dir3328_8952}, takesHeapSnapshot=true, pageLoadStrategy=normal, databaseEnabled=false, handlesAlerts=true, hasTouchScreen=false, version=57.0.2987.133, platform=XP, browserConnectionEnabled=false, nativeEvents=true, acceptSslCerts=true, locationContextEnabled=true, webStorageEnabled=true, browserName=chrome, takesScreenshot=true, javascriptEnabled=true, cssSelectorsEnabled=true, unexpectedAlertBehaviour=}]
Session ID: d8c33c8a1964df592885c31ea8fc10d8
	at sun.reflect.NativeConstructorAccessorImpl.newInstance0(Native Method)
	at sun.reflect.NativeConstructorAccessorImpl.newInstance(Unknown Source)
	at sun.reflect.DelegatingConstructorAccessorImpl.newInstance(Unknown Source)
	at java.lang.reflect.Constructor.newInstance(Unknown Source)
	at org.openqa.selenium.remote.ErrorHandler.createThrowable(ErrorHandler.java:206)
	at org.openqa.selenium.remote.ErrorHandler.throwIfResponseFailed(ErrorHandler.java:158)
	at org.openqa.selenium.remote.RemoteWebDriver.execute(RemoteWebDriver.java:678)
	at org.openqa.selenium.remote.RemoteWebElement.execute(RemoteWebElement.java:327)
	at org.openqa.selenium.remote.RemoteWebElement.click(RemoteWebElement.java:85)
	at Pages.ForgotpasswordForm.clickSubmitButton(ForgotpasswordForm.java:38)
	at TestCialfoNew.ForgotPasswordTest.newmailIDValidationError(ForgotPasswordTest.java:46)
	at sun.reflect.NativeMethodAccessorImpl.invoke0(Native Method)
	at sun.reflect.NativeMethodAccessorImpl.invoke(Unknown Source)
	at sun.reflect.DelegatingMethodAccessorImpl.invoke(Unknown Source)
	at java.lang.reflect.Method.invoke(Unknown Source)
	at org.testng.internal.MethodInvocationHelper.invokeMethod(MethodInvocationHelper.java:100)
	at org.testng.internal.Invoker.invokeMethod(Invoker.java:646)
	at org.testng.internal.Invoker.invokeTestMethod(Invoker.java:811)
	at org.testng.internal.Invoker.invokeTestMethods(Invoker.java:1129)
	at org.testng.internal.TestMethodWorker.invokeTestMethods(TestMethodWorker.java:129)
	at org.testng.internal.TestMethodWorker.run(TestMethodWorker.java:112)
	at org.testng.TestRunner.privateRun(TestRunner.java:746)
	at org.testng.TestRunner.run(TestRunner.java:600)
	at org.testng.SuiteRunner.runTest(SuiteRunner.java:366)
	at org.testng.SuiteRunner.runSequentially(SuiteRunner.java:361)
	at org.testng.SuiteRunner.privateRun(SuiteRunner.java:319)
	at org.testng.SuiteRunner.run(SuiteRunner.java:268)
	at org.testng.SuiteRunnerWorker.runSuite(SuiteRunnerWorker.java:52)
	at org.testng.SuiteRunnerWorker.run(SuiteRunnerWorker.java:86)
	at org.testng.TestNG.runSuitesSequentially(TestNG.java:1264)
	at org.testng.TestNG.runSuitesLocally(TestNG.java:1189)
	at org.testng.TestNG.runSuites(TestNG.java:1104)
	at org.testng.TestNG.run(TestNG.java:1076)
	at org.testng.remote.AbstractRemoteTestNG.run(AbstractRemoteTestNG.java:126)
	at org.testng.remote.RemoteTestNG.initAndRun(RemoteTestNG.java:152)
	at org.testng.remote.RemoteTestNG.main(RemoteTestNG.java:57)
]]>
            </full-stacktrace>
          </exception> <!-- org.openqa.selenium.ElementNotVisibleException -->
          <reporter-output>
          </reporter-output>
        </test-method> <!-- newmailIDValidationError -->
        <test-method status="PASS" signature="openSignpage()[pri:0, instance:TestCialfoNew.ForgotPasswordTest@4dfa3a9d]" name="openSignpage" is-config="true" duration-ms="689" started-at="2017-04-24T20:39:09Z" finished-at="2017-04-24T20:39:10Z">
          <reporter-output>
          </reporter-output>
        </test-method> <!-- openSignpage -->
        <test-method status="FAIL" signature="invalidEmailIdvalidationError()[pri:3, instance:TestCialfoNew.ForgotPasswordTest@4dfa3a9d]" name="invalidEmailIdvalidationError" duration-ms="371" started-at="2017-04-24T20:39:10Z" finished-at="2017-04-24T20:39:10Z">
          <exception class="org.openqa.selenium.ElementNotVisibleException">
            <message>
              <![CDATA[element not visible
  (Session info: chrome=57.0.2987.133)
  (Driver info: chromedriver=2.27.440174 (e97a722caafc2d3a8b807ee115bfb307f7d2cfd9),platform=Windows NT 10.0.10586 x86_64) (WARNING: The server did not provide any stacktrace information)
Command duration or timeout: 26 milliseconds
Build info: version: '2.53.1', revision: 'a36b8b1cd5757287168e54b817830adce9b0158d', time: '2016-06-30 19:26:09'
System info: host: 'NIS-PC091', ip: '192.168.1.91', os.name: 'Windows 10', os.arch: 'amd64', os.version: '10.0', java.version: '1.8.0_92'
Driver info: org.openqa.selenium.chrome.ChromeDriver
Capabilities [{applicationCacheEnabled=false, rotatable=false, mobileEmulationEnabled=false, networkConnectionEnabled=false, chrome={chromedriverVersion=2.27.440174 (e97a722caafc2d3a8b807ee115bfb307f7d2cfd9), userDataDir=C:\Users\NICHIU~1\AppData\Local\Temp\scoped_dir3328_8952}, takesHeapSnapshot=true, pageLoadStrategy=normal, databaseEnabled=false, handlesAlerts=true, hasTouchScreen=false, version=57.0.2987.133, platform=XP, browserConnectionEnabled=false, nativeEvents=true, acceptSslCerts=true, locationContextEnabled=true, webStorageEnabled=true, browserName=chrome, takesScreenshot=true, javascriptEnabled=true, cssSelectorsEnabled=true, unexpectedAlertBehaviour=}]
Session ID: d8c33c8a1964df592885c31ea8fc10d8]]>
            </message>
            <full-stacktrace>
              <![CDATA[org.openqa.selenium.ElementNotVisibleException: element not visible
  (Session info: chrome=57.0.2987.133)
  (Driver info: chromedriver=2.27.440174 (e97a722caafc2d3a8b807ee115bfb307f7d2cfd9),platform=Windows NT 10.0.10586 x86_64) (WARNING: The server did not provide any stacktrace information)
Command duration or timeout: 26 milliseconds
Build info: version: '2.53.1', revision: 'a36b8b1cd5757287168e54b817830adce9b0158d', time: '2016-06-30 19:26:09'
System info: host: 'NIS-PC091', ip: '192.168.1.91', os.name: 'Windows 10', os.arch: 'amd64', os.version: '10.0', java.version: '1.8.0_92'
Driver info: org.openqa.selenium.chrome.ChromeDriver
Capabilities [{applicationCacheEnabled=false, rotatable=false, mobileEmulationEnabled=false, networkConnectionEnabled=false, chrome={chromedriverVersion=2.27.440174 (e97a722caafc2d3a8b807ee115bfb307f7d2cfd9), userDataDir=C:\Users\NICHIU~1\AppData\Local\Temp\scoped_dir3328_8952}, takesHeapSnapshot=true, pageLoadStrategy=normal, databaseEnabled=false, handlesAlerts=true, hasTouchScreen=false, version=57.0.2987.133, platform=XP, browserConnectionEnabled=false, nativeEvents=true, acceptSslCerts=true, locationContextEnabled=true, webStorageEnabled=true, browserName=chrome, takesScreenshot=true, javascriptEnabled=true, cssSelectorsEnabled=true, unexpectedAlertBehaviour=}]
Session ID: d8c33c8a1964df592885c31ea8fc10d8
	at sun.reflect.NativeConstructorAccessorImpl.newInstance0(Native Method)
	at sun.reflect.NativeConstructorAccessorImpl.newInstance(Unknown Source)
	at sun.reflect.DelegatingConstructorAccessorImpl.newInstance(Unknown Source)
	at java.lang.reflect.Constructor.newInstance(Unknown Source)
	at org.openqa.selenium.remote.ErrorHandler.createThrowable(ErrorHandler.java:206)
	at org.openqa.selenium.remote.ErrorHandler.throwIfResponseFailed(ErrorHandler.java:158)
	at org.openqa.selenium.remote.RemoteWebDriver.execute(RemoteWebDriver.java:678)
	at org.openqa.selenium.remote.RemoteWebElement.execute(RemoteWebElement.java:327)
	at org.openqa.selenium.remote.RemoteWebElement.click(RemoteWebElement.java:85)
	at Pages.ForgotpasswordForm.clickSubmitButton(ForgotpasswordForm.java:38)
	at TestCialfoNew.ForgotPasswordTest.invalidEmailIdvalidationError(ForgotPasswordTest.java:59)
	at sun.reflect.NativeMethodAccessorImpl.invoke0(Native Method)
	at sun.reflect.NativeMethodAccessorImpl.invoke(Unknown Source)
	at sun.reflect.DelegatingMethodAccessorImpl.invoke(Unknown Source)
	at java.lang.reflect.Method.invoke(Unknown Source)
	at org.testng.internal.MethodInvocationHelper.invokeMethod(MethodInvocationHelper.java:100)
	at org.testng.internal.Invoker.invokeMethod(Invoker.java:646)
	at org.testng.internal.Invoker.invokeTestMethod(Invoker.java:811)
	at org.testng.internal.Invoker.invokeTestMethods(Invoker.java:1129)
	at org.testng.internal.TestMethodWorker.invokeTestMethods(TestMethodWorker.java:129)
	at org.testng.internal.TestMethodWorker.run(TestMethodWorker.java:112)
	at org.testng.TestRunner.privateRun(TestRunner.java:746)
	at org.testng.TestRunner.run(TestRunner.java:600)
	at org.testng.SuiteRunner.runTest(SuiteRunner.java:366)
	at org.testng.SuiteRunner.runSequentially(SuiteRunner.java:361)
	at org.testng.SuiteRunner.privateRun(SuiteRunner.java:319)
	at org.testng.SuiteRunner.run(SuiteRunner.java:268)
	at org.testng.SuiteRunnerWorker.runSuite(SuiteRunnerWorker.java:52)
	at org.testng.SuiteRunnerWorker.run(SuiteRunnerWorker.java:86)
	at org.testng.TestNG.runSuitesSequentially(TestNG.java:1264)
	at org.testng.TestNG.runSuitesLocally(TestNG.java:1189)
	at org.testng.TestNG.runSuites(TestNG.java:1104)
	at org.testng.TestNG.run(TestNG.java:1076)
	at org.testng.remote.AbstractRemoteTestNG.run(AbstractRemoteTestNG.java:126)
	at org.testng.remote.RemoteTestNG.initAndRun(RemoteTestNG.java:152)
	at org.testng.remote.RemoteTestNG.main(RemoteTestNG.java:57)
]]>
            </full-stacktrace>
          </exception> <!-- org.openqa.selenium.ElementNotVisibleException -->
          <reporter-output>
          </reporter-output>
        </test-method> <!-- invalidEmailIdvalidationError -->
        <test-method status="PASS" signature="openSignpage()[pri:0, instance:TestCialfoNew.ForgotPasswordTest@4dfa3a9d]" name="openSignpage" is-config="true" duration-ms="698" started-at="2017-04-24T20:39:10Z" finished-at="2017-04-24T20:39:11Z">
          <reporter-output>
          </reporter-output>
        </test-method> <!-- openSignpage -->
        <test-method status="FAIL" signature="emptyEmailValidationError()[pri:4, instance:TestCialfoNew.ForgotPasswordTest@4dfa3a9d]" name="emptyEmailValidationError" duration-ms="302" started-at="2017-04-24T20:39:11Z" finished-at="2017-04-24T20:39:11Z">
          <exception class="org.openqa.selenium.ElementNotVisibleException">
            <message>
              <![CDATA[element not visible
  (Session info: chrome=57.0.2987.133)
  (Driver info: chromedriver=2.27.440174 (e97a722caafc2d3a8b807ee115bfb307f7d2cfd9),platform=Windows NT 10.0.10586 x86_64) (WARNING: The server did not provide any stacktrace information)
Command duration or timeout: 25 milliseconds
Build info: version: '2.53.1', revision: 'a36b8b1cd5757287168e54b817830adce9b0158d', time: '2016-06-30 19:26:09'
System info: host: 'NIS-PC091', ip: '192.168.1.91', os.name: 'Windows 10', os.arch: 'amd64', os.version: '10.0', java.version: '1.8.0_92'
Driver info: org.openqa.selenium.chrome.ChromeDriver
Capabilities [{applicationCacheEnabled=false, rotatable=false, mobileEmulationEnabled=false, networkConnectionEnabled=false, chrome={chromedriverVersion=2.27.440174 (e97a722caafc2d3a8b807ee115bfb307f7d2cfd9), userDataDir=C:\Users\NICHIU~1\AppData\Local\Temp\scoped_dir3328_8952}, takesHeapSnapshot=true, pageLoadStrategy=normal, databaseEnabled=false, handlesAlerts=true, hasTouchScreen=false, version=57.0.2987.133, platform=XP, browserConnectionEnabled=false, nativeEvents=true, acceptSslCerts=true, locationContextEnabled=true, webStorageEnabled=true, browserName=chrome, takesScreenshot=true, javascriptEnabled=true, cssSelectorsEnabled=true, unexpectedAlertBehaviour=}]
Session ID: d8c33c8a1964df592885c31ea8fc10d8]]>
            </message>
            <full-stacktrace>
              <![CDATA[org.openqa.selenium.ElementNotVisibleException: element not visible
  (Session info: chrome=57.0.2987.133)
  (Driver info: chromedriver=2.27.440174 (e97a722caafc2d3a8b807ee115bfb307f7d2cfd9),platform=Windows NT 10.0.10586 x86_64) (WARNING: The server did not provide any stacktrace information)
Command duration or timeout: 25 milliseconds
Build info: version: '2.53.1', revision: 'a36b8b1cd5757287168e54b817830adce9b0158d', time: '2016-06-30 19:26:09'
System info: host: 'NIS-PC091', ip: '192.168.1.91', os.name: 'Windows 10', os.arch: 'amd64', os.version: '10.0', java.version: '1.8.0_92'
Driver info: org.openqa.selenium.chrome.ChromeDriver
Capabilities [{applicationCacheEnabled=false, rotatable=false, mobileEmulationEnabled=false, networkConnectionEnabled=false, chrome={chromedriverVersion=2.27.440174 (e97a722caafc2d3a8b807ee115bfb307f7d2cfd9), userDataDir=C:\Users\NICHIU~1\AppData\Local\Temp\scoped_dir3328_8952}, takesHeapSnapshot=true, pageLoadStrategy=normal, databaseEnabled=false, handlesAlerts=true, hasTouchScreen=false, version=57.0.2987.133, platform=XP, browserConnectionEnabled=false, nativeEvents=true, acceptSslCerts=true, locationContextEnabled=true, webStorageEnabled=true, browserName=chrome, takesScreenshot=true, javascriptEnabled=true, cssSelectorsEnabled=true, unexpectedAlertBehaviour=}]
Session ID: d8c33c8a1964df592885c31ea8fc10d8
	at sun.reflect.NativeConstructorAccessorImpl.newInstance0(Native Method)
	at sun.reflect.NativeConstructorAccessorImpl.newInstance(Unknown Source)
	at sun.reflect.DelegatingConstructorAccessorImpl.newInstance(Unknown Source)
	at java.lang.reflect.Constructor.newInstance(Unknown Source)
	at org.openqa.selenium.remote.ErrorHandler.createThrowable(ErrorHandler.java:206)
	at org.openqa.selenium.remote.ErrorHandler.throwIfResponseFailed(ErrorHandler.java:158)
	at org.openqa.selenium.remote.RemoteWebDriver.execute(RemoteWebDriver.java:678)
	at org.openqa.selenium.remote.RemoteWebElement.execute(RemoteWebElement.java:327)
	at org.openqa.selenium.remote.RemoteWebElement.click(RemoteWebElement.java:85)
	at Pages.ForgotpasswordForm.clickSubmitButton(ForgotpasswordForm.java:38)
	at TestCialfoNew.ForgotPasswordTest.emptyEmailValidationError(ForgotPasswordTest.java:71)
	at sun.reflect.NativeMethodAccessorImpl.invoke0(Native Method)
	at sun.reflect.NativeMethodAccessorImpl.invoke(Unknown Source)
	at sun.reflect.DelegatingMethodAccessorImpl.invoke(Unknown Source)
	at java.lang.reflect.Method.invoke(Unknown Source)
	at org.testng.internal.MethodInvocationHelper.invokeMethod(MethodInvocationHelper.java:100)
	at org.testng.internal.Invoker.invokeMethod(Invoker.java:646)
	at org.testng.internal.Invoker.invokeTestMethod(Invoker.java:811)
	at org.testng.internal.Invoker.invokeTestMethods(Invoker.java:1129)
	at org.testng.internal.TestMethodWorker.invokeTestMethods(TestMethodWorker.java:129)
	at org.testng.internal.TestMethodWorker.run(TestMethodWorker.java:112)
	at org.testng.TestRunner.privateRun(TestRunner.java:746)
	at org.testng.TestRunner.run(TestRunner.java:600)
	at org.testng.SuiteRunner.runTest(SuiteRunner.java:366)
	at org.testng.SuiteRunner.runSequentially(SuiteRunner.java:361)
	at org.testng.SuiteRunner.privateRun(SuiteRunner.java:319)
	at org.testng.SuiteRunner.run(SuiteRunner.java:268)
	at org.testng.SuiteRunnerWorker.runSuite(SuiteRunnerWorker.java:52)
	at org.testng.SuiteRunnerWorker.run(SuiteRunnerWorker.java:86)
	at org.testng.TestNG.runSuitesSequentially(TestNG.java:1264)
	at org.testng.TestNG.runSuitesLocally(TestNG.java:1189)
	at org.testng.TestNG.runSuites(TestNG.java:1104)
	at org.testng.TestNG.run(TestNG.java:1076)
	at org.testng.remote.AbstractRemoteTestNG.run(AbstractRemoteTestNG.java:126)
	at org.testng.remote.RemoteTestNG.initAndRun(RemoteTestNG.java:152)
	at org.testng.remote.RemoteTestNG.main(RemoteTestNG.java:57)
]]>
            </full-stacktrace>
          </exception> <!-- org.openqa.selenium.ElementNotVisibleException -->
          <reporter-output>
          </reporter-output>
        </test-method> <!-- emptyEmailValidationError -->
        <test-method status="PASS" signature="openSignpage()[pri:0, instance:TestCialfoNew.ForgotPasswordTest@4dfa3a9d]" name="openSignpage" is-config="true" duration-ms="641" started-at="2017-04-24T20:39:11Z" finished-at="2017-04-24T20:39:12Z">
          <reporter-output>
          </reporter-output>
        </test-method> <!-- openSignpage -->
      </class> <!-- TestCialfoNew.ForgotPasswordTest -->
    </test> <!-- CialfoNewversion -->
  </suite> <!-- RegressionSutie -->
</testng-results>
