<?xml version="1.0" encoding="UTF-8"?>
<testng-results skipped="0" failed="1" total="7" passed="6">
  <reporter-output>
  </reporter-output>
  <suite name="RegressionSutie" duration-ms="11641" started-at="2017-04-25T10:26:09Z" finished-at="2017-04-25T10:26:20Z">
    <groups>
    </groups>
    <test name="CialfoNewversion" duration-ms="11641" started-at="2017-04-25T10:26:09Z" finished-at="2017-04-25T10:26:20Z">
      <class name="BasePackage.BaseClass">
        <test-method status="PASS" signature="launchAUTApplication()[pri:0, instance:BasePackage.BaseClass@77cd7a0]" name="launchAUTApplication" is-config="true" duration-ms="12994" started-at="2017-04-25T15:55:56Z" finished-at="2017-04-25T15:56:09Z">
          <reporter-output>
          </reporter-output>
        </test-method> <!-- launchAUTApplication -->
        <test-method status="PASS" signature="cleanUp()[pri:0, instance:BasePackage.BaseClass@77cd7a0]" name="cleanUp" is-config="true" duration-ms="90" started-at="2017-04-25T15:56:20Z" finished-at="2017-04-25T15:56:20Z">
          <reporter-output>
          </reporter-output>
        </test-method> <!-- cleanUp -->
      </class> <!-- BasePackage.BaseClass -->
      <class name="TestCialfoNew.ProfileEditTest">
        <test-method status="PASS" signature="enterValuesInPersonalInfoAndCheckSucessMessage()[pri:1, instance:TestCialfoNew.ProfileEditTest@204f30ec]" name="enterValuesInPersonalInfoAndCheckSucessMessage" duration-ms="5140" started-at="2017-04-25T15:56:09Z" finished-at="2017-04-25T15:56:14Z">
          <reporter-output>
          </reporter-output>
        </test-method> <!-- enterValuesInPersonalInfoAndCheckSucessMessage -->
        <test-method status="FAIL" signature="verifyProfileNameinOverviewpage()[pri:2, instance:TestCialfoNew.ProfileEditTest@204f30ec]" name="verifyProfileNameinOverviewpage" duration-ms="2499" started-at="2017-04-25T15:56:14Z" finished-at="2017-04-25T15:56:16Z">
          <exception class="java.lang.AssertionError">
            <message>
              <![CDATA[expected [Samsung SwimClub] but found []]]>
            </message>
            <full-stacktrace>
              <![CDATA[java.lang.AssertionError: expected [Samsung SwimClub] but found []
	at org.testng.Assert.fail(Assert.java:94)
	at org.testng.Assert.failNotEquals(Assert.java:513)
	at org.testng.Assert.assertEqualsImpl(Assert.java:135)
	at org.testng.Assert.assertEquals(Assert.java:116)
	at org.testng.Assert.assertEquals(Assert.java:190)
	at org.testng.Assert.assertEquals(Assert.java:200)
	at TestCialfoNew.ProfileEditTest.verifyProfileNameinOverviewpage(ProfileEditTest.java:55)
	at sun.reflect.NativeMethodAccessorImpl.invoke0(Native Method)
	at sun.reflect.NativeMethodAccessorImpl.invoke(Unknown Source)
	at sun.reflect.DelegatingMethodAccessorImpl.invoke(Unknown Source)
	at java.lang.reflect.Method.invoke(Unknown Source)
	at org.testng.internal.MethodInvocationHelper.invokeMethod(MethodInvocationHelper.java:100)
	at org.testng.internal.Invoker.invokeMethod(Invoker.java:646)
	at org.testng.internal.Invoker.invokeTestMethod(Invoker.java:811)
	at org.testng.internal.Invoker.invokeTestMethods(Invoker.java:1129)
	at org.testng.internal.TestMethodWorker.invokeTestMethods(TestMethodWorker.java:129)
	at org.testng.internal.TestMethodWorker.run(TestMethodWorker.java:112)
	at org.testng.TestRunner.privateRun(TestRunner.java:746)
	at org.testng.TestRunner.run(TestRunner.java:600)
	at org.testng.SuiteRunner.runTest(SuiteRunner.java:366)
	at org.testng.SuiteRunner.runSequentially(SuiteRunner.java:361)
	at org.testng.SuiteRunner.privateRun(SuiteRunner.java:319)
	at org.testng.SuiteRunner.run(SuiteRunner.java:268)
	at org.testng.SuiteRunnerWorker.runSuite(SuiteRunnerWorker.java:52)
	at org.testng.SuiteRunnerWorker.run(SuiteRunnerWorker.java:86)
	at org.testng.TestNG.runSuitesSequentially(TestNG.java:1264)
	at org.testng.TestNG.runSuitesLocally(TestNG.java:1189)
	at org.testng.TestNG.runSuites(TestNG.java:1104)
	at org.testng.TestNG.run(TestNG.java:1076)
	at org.testng.remote.AbstractRemoteTestNG.run(AbstractRemoteTestNG.java:126)
	at org.testng.remote.RemoteTestNG.initAndRun(RemoteTestNG.java:152)
	at org.testng.remote.RemoteTestNG.main(RemoteTestNG.java:57)
]]>
            </full-stacktrace>
          </exception> <!-- java.lang.AssertionError -->
          <reporter-output>
          </reporter-output>
        </test-method> <!-- verifyProfileNameinOverviewpage -->
        <test-method status="PASS" signature="profileNameInTopRightSide()[pri:3, instance:TestCialfoNew.ProfileEditTest@204f30ec]" name="profileNameInTopRightSide" duration-ms="1408" started-at="2017-04-25T15:56:16Z" finished-at="2017-04-25T15:56:18Z">
          <reporter-output>
          </reporter-output>
        </test-method> <!-- profileNameInTopRightSide -->
        <test-method status="PASS" signature="profileNameInSecondaryMenu()[pri:4, instance:TestCialfoNew.ProfileEditTest@204f30ec]" name="profileNameInSecondaryMenu" duration-ms="136" started-at="2017-04-25T15:56:18Z" finished-at="2017-04-25T15:56:18Z">
          <reporter-output>
          </reporter-output>
        </test-method> <!-- profileNameInSecondaryMenu -->
        <test-method status="PASS" signature="verifyPersonalInfoIsUpdatedOrNot()[pri:5, instance:TestCialfoNew.ProfileEditTest@204f30ec]" name="verifyPersonalInfoIsUpdatedOrNot" duration-ms="306" started-at="2017-04-25T15:56:18Z" finished-at="2017-04-25T15:56:18Z">
          <reporter-output>
          </reporter-output>
        </test-method> <!-- verifyPersonalInfoIsUpdatedOrNot -->
        <test-method status="PASS" signature="enterAddressAndSave()[pri:9, instance:TestCialfoNew.ProfileEditTest@204f30ec]" name="enterAddressAndSave" duration-ms="1383" started-at="2017-04-25T15:56:18Z" finished-at="2017-04-25T15:56:20Z">
          <reporter-output>
          </reporter-output>
        </test-method> <!-- enterAddressAndSave -->
        <test-method status="PASS" signature="checkStreetUpdatedOrNot()[pri:10, instance:TestCialfoNew.ProfileEditTest@204f30ec]" name="checkStreetUpdatedOrNot" duration-ms="726" started-at="2017-04-25T15:56:20Z" finished-at="2017-04-25T15:56:20Z">
          <reporter-output>
          </reporter-output>
        </test-method> <!-- checkStreetUpdatedOrNot -->
      </class> <!-- TestCialfoNew.ProfileEditTest -->
    </test> <!-- CialfoNewversion -->
  </suite> <!-- RegressionSutie -->
</testng-results>
