<?xml version="1.0" encoding="UTF-8"?>
<testng-results skipped="2" failed="1" total="8" passed="5">
  <reporter-output>
  </reporter-output>
  <suite name="RegressionSutie" duration-ms="189580" started-at="2017-05-03T14:57:29Z" finished-at="2017-05-03T15:00:38Z">
    <groups>
    </groups>
    <test name="CialfoNewversion" duration-ms="189580" started-at="2017-05-03T14:57:29Z" finished-at="2017-05-03T15:00:38Z">
      <class name="BasePackage.BaseClass">
        <test-method status="PASS" signature="launchAUTApplication()[pri:0, instance:BasePackage.BaseClass@e25b2fe]" name="launchAUTApplication" is-config="true" duration-ms="14196" started-at="2017-05-03T20:27:15Z" finished-at="2017-05-03T20:27:29Z">
          <reporter-output>
          </reporter-output>
        </test-method> <!-- launchAUTApplication -->
        <test-method status="PASS" signature="cleanUp()[pri:0, instance:BasePackage.BaseClass@e25b2fe]" name="cleanUp" is-config="true" duration-ms="2317" started-at="2017-05-03T20:30:38Z" finished-at="2017-05-03T20:30:41Z">
          <reporter-output>
          </reporter-output>
        </test-method> <!-- cleanUp -->
      </class> <!-- BasePackage.BaseClass -->
      <class name="TestCialfoNew.BatchTest">
        <test-method status="PASS" signature="checkCoachIsmatchingorNot()[pri:2, instance:TestCialfoNew.BatchTest@754ba872]" name="checkCoachIsmatchingorNot" duration-ms="61924" started-at="2017-05-03T20:27:29Z" finished-at="2017-05-03T20:28:31Z">
          <reporter-output>
          </reporter-output>
        </test-method> <!-- checkCoachIsmatchingorNot -->
        <test-method status="PASS" signature="afterMathos()[pri:0, instance:TestCialfoNew.BatchTest@754ba872]" name="afterMathos" is-config="true" duration-ms="121" started-at="2017-05-03T20:28:31Z" finished-at="2017-05-03T20:28:31Z">
          <reporter-output>
          </reporter-output>
        </test-method> <!-- afterMathos -->
        <test-method status="PASS" signature="addedbatchIsListedOrNot()[pri:3, instance:TestCialfoNew.BatchTest@754ba872]" name="addedbatchIsListedOrNot" duration-ms="61084" started-at="2017-05-03T20:28:31Z" finished-at="2017-05-03T20:29:32Z">
          <reporter-output>
          </reporter-output>
        </test-method> <!-- addedbatchIsListedOrNot -->
        <test-method status="PASS" signature="afterMathos()[pri:0, instance:TestCialfoNew.BatchTest@754ba872]" name="afterMathos" is-config="true" duration-ms="110" started-at="2017-05-03T20:29:32Z" finished-at="2017-05-03T20:29:32Z">
          <reporter-output>
          </reporter-output>
        </test-method> <!-- afterMathos -->
        <test-method status="FAIL" signature="checkBatchNamevalidation()[pri:4, instance:TestCialfoNew.BatchTest@754ba872]" name="checkBatchNamevalidation" duration-ms="454" started-at="2017-05-03T20:29:32Z" finished-at="2017-05-03T20:29:32Z">
          <exception class="org.openqa.selenium.ElementNotVisibleException">
            <message>
              <![CDATA[element not visible
  (Session info: chrome=57.0.2987.133)
  (Driver info: chromedriver=2.27.440174 (e97a722caafc2d3a8b807ee115bfb307f7d2cfd9),platform=Windows NT 10.0.10586 x86_64) (WARNING: The server did not provide any stacktrace information)
Command duration or timeout: 30 milliseconds
Build info: version: '2.53.1', revision: 'a36b8b1cd5757287168e54b817830adce9b0158d', time: '2016-06-30 19:26:09'
System info: host: 'NIS-PC091', ip: '192.168.1.91', os.name: 'Windows 10', os.arch: 'amd64', os.version: '10.0', java.version: '1.8.0_92'
Driver info: org.openqa.selenium.chrome.ChromeDriver
Capabilities [{applicationCacheEnabled=false, rotatable=false, mobileEmulationEnabled=false, networkConnectionEnabled=false, chrome={chromedriverVersion=2.27.440174 (e97a722caafc2d3a8b807ee115bfb307f7d2cfd9), userDataDir=C:\Users\NICHIU~1\AppData\Local\Temp\scoped_dir15016_29060}, takesHeapSnapshot=true, pageLoadStrategy=normal, databaseEnabled=false, handlesAlerts=true, hasTouchScreen=false, version=57.0.2987.133, platform=XP, browserConnectionEnabled=false, nativeEvents=true, acceptSslCerts=true, locationContextEnabled=true, webStorageEnabled=true, browserName=chrome, takesScreenshot=true, javascriptEnabled=true, cssSelectorsEnabled=true, unexpectedAlertBehaviour=}]
Session ID: fca89994d9e7c86c978a7855441b9565]]>
            </message>
            <full-stacktrace>
              <![CDATA[org.openqa.selenium.ElementNotVisibleException: element not visible
  (Session info: chrome=57.0.2987.133)
  (Driver info: chromedriver=2.27.440174 (e97a722caafc2d3a8b807ee115bfb307f7d2cfd9),platform=Windows NT 10.0.10586 x86_64) (WARNING: The server did not provide any stacktrace information)
Command duration or timeout: 30 milliseconds
Build info: version: '2.53.1', revision: 'a36b8b1cd5757287168e54b817830adce9b0158d', time: '2016-06-30 19:26:09'
System info: host: 'NIS-PC091', ip: '192.168.1.91', os.name: 'Windows 10', os.arch: 'amd64', os.version: '10.0', java.version: '1.8.0_92'
Driver info: org.openqa.selenium.chrome.ChromeDriver
Capabilities [{applicationCacheEnabled=false, rotatable=false, mobileEmulationEnabled=false, networkConnectionEnabled=false, chrome={chromedriverVersion=2.27.440174 (e97a722caafc2d3a8b807ee115bfb307f7d2cfd9), userDataDir=C:\Users\NICHIU~1\AppData\Local\Temp\scoped_dir15016_29060}, takesHeapSnapshot=true, pageLoadStrategy=normal, databaseEnabled=false, handlesAlerts=true, hasTouchScreen=false, version=57.0.2987.133, platform=XP, browserConnectionEnabled=false, nativeEvents=true, acceptSslCerts=true, locationContextEnabled=true, webStorageEnabled=true, browserName=chrome, takesScreenshot=true, javascriptEnabled=true, cssSelectorsEnabled=true, unexpectedAlertBehaviour=}]
Session ID: fca89994d9e7c86c978a7855441b9565
	at sun.reflect.NativeConstructorAccessorImpl.newInstance0(Native Method)
	at sun.reflect.NativeConstructorAccessorImpl.newInstance(Unknown Source)
	at sun.reflect.DelegatingConstructorAccessorImpl.newInstance(Unknown Source)
	at java.lang.reflect.Constructor.newInstance(Unknown Source)
	at org.openqa.selenium.remote.ErrorHandler.createThrowable(ErrorHandler.java:206)
	at org.openqa.selenium.remote.ErrorHandler.throwIfResponseFailed(ErrorHandler.java:158)
	at org.openqa.selenium.remote.RemoteWebDriver.execute(RemoteWebDriver.java:678)
	at org.openqa.selenium.remote.RemoteWebElement.execute(RemoteWebElement.java:327)
	at org.openqa.selenium.remote.RemoteWebElement.click(RemoteWebElement.java:85)
	at TestCialfoNew.BatchTest.checkBatchNamevalidation(BatchTest.java:112)
	at sun.reflect.NativeMethodAccessorImpl.invoke0(Native Method)
	at sun.reflect.NativeMethodAccessorImpl.invoke(Unknown Source)
	at sun.reflect.DelegatingMethodAccessorImpl.invoke(Unknown Source)
	at java.lang.reflect.Method.invoke(Unknown Source)
	at org.testng.internal.MethodInvocationHelper.invokeMethod(MethodInvocationHelper.java:100)
	at org.testng.internal.Invoker.invokeMethod(Invoker.java:646)
	at org.testng.internal.Invoker.invokeTestMethod(Invoker.java:811)
	at org.testng.internal.Invoker.invokeTestMethods(Invoker.java:1129)
	at org.testng.internal.TestMethodWorker.invokeTestMethods(TestMethodWorker.java:129)
	at org.testng.internal.TestMethodWorker.run(TestMethodWorker.java:112)
	at org.testng.TestRunner.privateRun(TestRunner.java:746)
	at org.testng.TestRunner.run(TestRunner.java:600)
	at org.testng.SuiteRunner.runTest(SuiteRunner.java:366)
	at org.testng.SuiteRunner.runSequentially(SuiteRunner.java:361)
	at org.testng.SuiteRunner.privateRun(SuiteRunner.java:319)
	at org.testng.SuiteRunner.run(SuiteRunner.java:268)
	at org.testng.SuiteRunnerWorker.runSuite(SuiteRunnerWorker.java:52)
	at org.testng.SuiteRunnerWorker.run(SuiteRunnerWorker.java:86)
	at org.testng.TestNG.runSuitesSequentially(TestNG.java:1264)
	at org.testng.TestNG.runSuitesLocally(TestNG.java:1189)
	at org.testng.TestNG.runSuites(TestNG.java:1104)
	at org.testng.TestNG.run(TestNG.java:1076)
	at org.testng.remote.AbstractRemoteTestNG.run(AbstractRemoteTestNG.java:126)
	at org.testng.remote.RemoteTestNG.initAndRun(RemoteTestNG.java:152)
	at org.testng.remote.RemoteTestNG.main(RemoteTestNG.java:57)
]]>
            </full-stacktrace>
          </exception> <!-- org.openqa.selenium.ElementNotVisibleException -->
          <reporter-output>
          </reporter-output>
        </test-method> <!-- checkBatchNamevalidation -->
        <test-method status="PASS" signature="afterMathos()[pri:0, instance:TestCialfoNew.BatchTest@754ba872]" name="afterMathos" is-config="true" duration-ms="71" started-at="2017-05-03T20:29:32Z" finished-at="2017-05-03T20:29:33Z">
          <reporter-output>
          </reporter-output>
        </test-method> <!-- afterMathos -->
        <test-method status="PASS" signature="checkCoachNameisMatchingOrNot()[pri:5, instance:TestCialfoNew.BatchTest@754ba872]" name="checkCoachNameisMatchingOrNot" duration-ms="1360" started-at="2017-05-03T20:29:33Z" finished-at="2017-05-03T20:29:34Z">
          <reporter-output>
          </reporter-output>
        </test-method> <!-- checkCoachNameisMatchingOrNot -->
        <test-method status="PASS" signature="afterMathos()[pri:0, instance:TestCialfoNew.BatchTest@754ba872]" name="afterMathos" is-config="true" duration-ms="61" started-at="2017-05-03T20:29:34Z" finished-at="2017-05-03T20:29:34Z">
          <reporter-output>
          </reporter-output>
        </test-method> <!-- afterMathos -->
        <test-method status="PASS" signature="checkBatchNameIsMaatchingOrNot()[pri:6, instance:TestCialfoNew.BatchTest@754ba872]" name="checkBatchNameIsMaatchingOrNot" duration-ms="1369" started-at="2017-05-03T20:29:34Z" finished-at="2017-05-03T20:29:35Z">
          <reporter-output>
          </reporter-output>
        </test-method> <!-- checkBatchNameIsMaatchingOrNot -->
        <test-method status="PASS" signature="afterMathos()[pri:0, instance:TestCialfoNew.BatchTest@754ba872]" name="afterMathos" is-config="true" duration-ms="57" started-at="2017-05-03T20:29:35Z" finished-at="2017-05-03T20:29:35Z">
          <reporter-output>
          </reporter-output>
        </test-method> <!-- afterMathos -->
        <test-method status="PASS" signature="tranferBatch()[pri:7, instance:TestCialfoNew.BatchTest@754ba872]" name="tranferBatch" duration-ms="62843" started-at="2017-05-03T20:29:35Z" finished-at="2017-05-03T20:30:38Z">
          <reporter-output>
          </reporter-output>
        </test-method> <!-- tranferBatch -->
        <test-method status="FAIL" signature="afterMathos()[pri:0, instance:TestCialfoNew.BatchTest@754ba872]" name="afterMathos" is-config="true" duration-ms="0" started-at="2017-05-03T20:30:38Z" finished-at="2017-05-03T20:30:38Z">
          <exception class="org.openqa.selenium.WebDriverException">
            <message>
              <![CDATA[unknown error: Element <a _ngcontent-mdd-55="" class="logo" href="/dashboard" routerlink="/dashboard">...</a> is not clickable at point (115, 25). Other element would receive the click: <div _ngcontent-mdd-25="" aria-labelledby="myModalLabel" class="modal fade in" id="coachModal" role="dialog" style="display: block; padding-right: 17px;">...</div>
  (Session info: chrome=57.0.2987.133)
  (Driver info: chromedriver=2.27.440174 (e97a722caafc2d3a8b807ee115bfb307f7d2cfd9),platform=Windows NT 10.0.10586 x86_64) (WARNING: The server did not provide any stacktrace information)
Command duration or timeout: 48 milliseconds
Build info: version: '2.53.1', revision: 'a36b8b1cd5757287168e54b817830adce9b0158d', time: '2016-06-30 19:26:09'
System info: host: 'NIS-PC091', ip: '192.168.1.91', os.name: 'Windows 10', os.arch: 'amd64', os.version: '10.0', java.version: '1.8.0_92'
Driver info: org.openqa.selenium.chrome.ChromeDriver
Capabilities [{applicationCacheEnabled=false, rotatable=false, mobileEmulationEnabled=false, networkConnectionEnabled=false, chrome={chromedriverVersion=2.27.440174 (e97a722caafc2d3a8b807ee115bfb307f7d2cfd9), userDataDir=C:\Users\NICHIU~1\AppData\Local\Temp\scoped_dir15016_29060}, takesHeapSnapshot=true, pageLoadStrategy=normal, databaseEnabled=false, handlesAlerts=true, hasTouchScreen=false, version=57.0.2987.133, platform=XP, browserConnectionEnabled=false, nativeEvents=true, acceptSslCerts=true, locationContextEnabled=true, webStorageEnabled=true, browserName=chrome, takesScreenshot=true, javascriptEnabled=true, cssSelectorsEnabled=true, unexpectedAlertBehaviour=}]
Session ID: fca89994d9e7c86c978a7855441b9565]]>
            </message>
            <full-stacktrace>
              <![CDATA[org.openqa.selenium.WebDriverException: unknown error: Element <a _ngcontent-mdd-55="" class="logo" href="/dashboard" routerlink="/dashboard">...</a> is not clickable at point (115, 25). Other element would receive the click: <div _ngcontent-mdd-25="" aria-labelledby="myModalLabel" class="modal fade in" id="coachModal" role="dialog" style="display: block; padding-right: 17px;">...</div>
  (Session info: chrome=57.0.2987.133)
  (Driver info: chromedriver=2.27.440174 (e97a722caafc2d3a8b807ee115bfb307f7d2cfd9),platform=Windows NT 10.0.10586 x86_64) (WARNING: The server did not provide any stacktrace information)
Command duration or timeout: 48 milliseconds
Build info: version: '2.53.1', revision: 'a36b8b1cd5757287168e54b817830adce9b0158d', time: '2016-06-30 19:26:09'
System info: host: 'NIS-PC091', ip: '192.168.1.91', os.name: 'Windows 10', os.arch: 'amd64', os.version: '10.0', java.version: '1.8.0_92'
Driver info: org.openqa.selenium.chrome.ChromeDriver
Capabilities [{applicationCacheEnabled=false, rotatable=false, mobileEmulationEnabled=false, networkConnectionEnabled=false, chrome={chromedriverVersion=2.27.440174 (e97a722caafc2d3a8b807ee115bfb307f7d2cfd9), userDataDir=C:\Users\NICHIU~1\AppData\Local\Temp\scoped_dir15016_29060}, takesHeapSnapshot=true, pageLoadStrategy=normal, databaseEnabled=false, handlesAlerts=true, hasTouchScreen=false, version=57.0.2987.133, platform=XP, browserConnectionEnabled=false, nativeEvents=true, acceptSslCerts=true, locationContextEnabled=true, webStorageEnabled=true, browserName=chrome, takesScreenshot=true, javascriptEnabled=true, cssSelectorsEnabled=true, unexpectedAlertBehaviour=}]
Session ID: fca89994d9e7c86c978a7855441b9565
	at sun.reflect.NativeConstructorAccessorImpl.newInstance0(Native Method)
	at sun.reflect.NativeConstructorAccessorImpl.newInstance(Unknown Source)
	at sun.reflect.DelegatingConstructorAccessorImpl.newInstance(Unknown Source)
	at java.lang.reflect.Constructor.newInstance(Unknown Source)
	at org.openqa.selenium.remote.ErrorHandler.createThrowable(ErrorHandler.java:206)
	at org.openqa.selenium.remote.ErrorHandler.throwIfResponseFailed(ErrorHandler.java:158)
	at org.openqa.selenium.remote.RemoteWebDriver.execute(RemoteWebDriver.java:678)
	at org.openqa.selenium.remote.RemoteWebElement.execute(RemoteWebElement.java:327)
	at org.openqa.selenium.remote.RemoteWebElement.click(RemoteWebElement.java:85)
	at TestCialfoNew.BatchTest.afterMathos(BatchTest.java:292)
	at sun.reflect.NativeMethodAccessorImpl.invoke0(Native Method)
	at sun.reflect.NativeMethodAccessorImpl.invoke(Unknown Source)
	at sun.reflect.DelegatingMethodAccessorImpl.invoke(Unknown Source)
	at java.lang.reflect.Method.invoke(Unknown Source)
	at org.testng.internal.MethodInvocationHelper.invokeMethod(MethodInvocationHelper.java:100)
	at org.testng.internal.Invoker.invokeConfigurationMethod(Invoker.java:515)
	at org.testng.internal.Invoker.invokeConfigurations(Invoker.java:216)
	at org.testng.internal.Invoker.invokeMethod(Invoker.java:712)
	at org.testng.internal.Invoker.invokeTestMethod(Invoker.java:811)
	at org.testng.internal.Invoker.invokeTestMethods(Invoker.java:1129)
	at org.testng.internal.TestMethodWorker.invokeTestMethods(TestMethodWorker.java:129)
	at org.testng.internal.TestMethodWorker.run(TestMethodWorker.java:112)
	at org.testng.TestRunner.privateRun(TestRunner.java:746)
	at org.testng.TestRunner.run(TestRunner.java:600)
	at org.testng.SuiteRunner.runTest(SuiteRunner.java:366)
	at org.testng.SuiteRunner.runSequentially(SuiteRunner.java:361)
	at org.testng.SuiteRunner.privateRun(SuiteRunner.java:319)
	at org.testng.SuiteRunner.run(SuiteRunner.java:268)
	at org.testng.SuiteRunnerWorker.runSuite(SuiteRunnerWorker.java:52)
	at org.testng.SuiteRunnerWorker.run(SuiteRunnerWorker.java:86)
	at org.testng.TestNG.runSuitesSequentially(TestNG.java:1264)
	at org.testng.TestNG.runSuitesLocally(TestNG.java:1189)
	at org.testng.TestNG.runSuites(TestNG.java:1104)
	at org.testng.TestNG.run(TestNG.java:1076)
	at org.testng.remote.AbstractRemoteTestNG.run(AbstractRemoteTestNG.java:126)
	at org.testng.remote.RemoteTestNG.initAndRun(RemoteTestNG.java:152)
	at org.testng.remote.RemoteTestNG.main(RemoteTestNG.java:57)
]]>
            </full-stacktrace>
          </exception> <!-- org.openqa.selenium.WebDriverException -->
          <reporter-output>
          </reporter-output>
        </test-method> <!-- afterMathos -->
        <test-method status="SKIP" signature="checkCoachnameAfterTranfer()[pri:8, instance:TestCialfoNew.BatchTest@754ba872]" name="checkCoachnameAfterTranfer" duration-ms="1" started-at="2017-05-03T20:30:38Z" finished-at="2017-05-03T20:30:38Z">
          <reporter-output>
          </reporter-output>
        </test-method> <!-- checkCoachnameAfterTranfer -->
        <test-method status="SKIP" signature="afterMathos()[pri:0, instance:TestCialfoNew.BatchTest@754ba872]" name="afterMathos" is-config="true" duration-ms="0" started-at="2017-05-03T20:30:38Z" finished-at="2017-05-03T20:30:38Z">
          <reporter-output>
          </reporter-output>
        </test-method> <!-- afterMathos -->
        <test-method status="SKIP" signature="checkCoachNameIsSwimmersPageAftertransfer()[pri:9, instance:TestCialfoNew.BatchTest@754ba872]" name="checkCoachNameIsSwimmersPageAftertransfer" duration-ms="2" started-at="2017-05-03T20:30:38Z" finished-at="2017-05-03T20:30:38Z">
          <reporter-output>
          </reporter-output>
        </test-method> <!-- checkCoachNameIsSwimmersPageAftertransfer -->
        <test-method status="SKIP" signature="afterMathos()[pri:0, instance:TestCialfoNew.BatchTest@754ba872]" name="afterMathos" is-config="true" duration-ms="0" started-at="2017-05-03T20:30:38Z" finished-at="2017-05-03T20:30:38Z">
          <reporter-output>
          </reporter-output>
        </test-method> <!-- afterMathos -->
      </class> <!-- TestCialfoNew.BatchTest -->
    </test> <!-- CialfoNewversion -->
  </suite> <!-- RegressionSutie -->
</testng-results>
