<?xml version="1.0" encoding="UTF-8"?>
<testng-results skipped="0" failed="0" total="0" passed="0">
  <reporter-output>
  </reporter-output>
  <suite name="RegressionSutie" duration-ms="8" started-at="2017-05-02T13:00:04Z" finished-at="2017-05-02T13:00:04Z">
    <groups>
    </groups>
    <test name="CialfoNewversion" duration-ms="8" started-at="2017-05-02T13:00:04Z" finished-at="2017-05-02T13:00:04Z">
      <class name="BasePackage.BaseClass">
        <test-method status="PASS" signature="launchAUTApplication()[pri:0, instance:BasePackage.BaseClass@61832929]" name="launchAUTApplication" is-config="true" duration-ms="6747" started-at="2017-05-02T18:29:57Z" finished-at="2017-05-02T18:30:04Z">
          <reporter-output>
          </reporter-output>
        </test-method> <!-- launchAUTApplication -->
        <test-method status="PASS" signature="cleanUp()[pri:0, instance:BasePackage.BaseClass@61832929]" name="cleanUp" is-config="true" duration-ms="2314" started-at="2017-05-02T18:30:04Z" finished-at="2017-05-02T18:30:06Z">
          <reporter-output>
          </reporter-output>
        </test-method> <!-- cleanUp -->
      </class> <!-- BasePackage.BaseClass -->
    </test> <!-- CialfoNewversion -->
  </suite> <!-- RegressionSutie -->
</testng-results>
