<?xml version="1.0" encoding="UTF-8"?>
<testng-results skipped="0" failed="0" ignored="0" total="1" passed="1">
  <reporter-output>
  </reporter-output>
  <suite name="RegressionSutie" duration-ms="28313" started-at="2017-12-09T06:36:51Z" finished-at="2017-12-09T06:37:19Z">
    <groups>
    </groups>
    <test name="CialfoNewversion" duration-ms="28313" started-at="2017-12-09T06:36:51Z" finished-at="2017-12-09T06:37:19Z">
      <class name="BasePackage.BaseClass">
        <test-method status="PASS" signature="launchAUTApplication()[pri:0, instance:BasePackage.BaseClass@4dfa3a9d]" name="launchAUTApplication" is-config="true" duration-ms="15010" started-at="2017-12-09T12:06:36Z" finished-at="2017-12-09T12:06:51Z">
          <reporter-output>
          </reporter-output>
        </test-method> <!-- launchAUTApplication -->
        <test-method status="PASS" signature="cleanUp()[pri:0, instance:BasePackage.BaseClass@4dfa3a9d]" name="cleanUp" is-config="true" duration-ms="111" started-at="2017-12-09T12:07:19Z" finished-at="2017-12-09T12:07:19Z">
          <reporter-output>
          </reporter-output>
        </test-method> <!-- cleanUp -->
      </class> <!-- BasePackage.BaseClass -->
      <class name="TestCialfoNew.MessageTest">
        <test-method status="PASS" signature="sendMeesageToAllCoachesGourpabdAllMembersGroup()[pri:0, instance:TestCialfoNew.MessageTest@6eebc39e]" name="sendMeesageToAllCoachesGourpabdAllMembersGroup" duration-ms="28292" started-at="2017-12-09T12:06:51Z" finished-at="2017-12-09T12:07:19Z">
          <reporter-output>
          </reporter-output>
        </test-method> <!-- sendMeesageToAllCoachesGourpabdAllMembersGroup -->
      </class> <!-- TestCialfoNew.MessageTest -->
    </test> <!-- CialfoNewversion -->
  </suite> <!-- RegressionSutie -->
</testng-results>
