<?xml version="1.0" encoding="UTF-8"?>
<testng-results skipped="0" failed="4" total="23" passed="19">
  <reporter-output>
  </reporter-output>
  <suite name="RegressionSutie" duration-ms="51678" started-at="2017-04-25T12:23:08Z" finished-at="2017-04-25T12:23:59Z">
    <groups>
    </groups>
    <test name="CialfoNewversion" duration-ms="51678" started-at="2017-04-25T12:23:08Z" finished-at="2017-04-25T12:23:59Z">
      <class name="TestCialfoNew.RegistrationTest">
        <test-method status="FAIL" signature="validRegistration()[pri:1, instance:TestCialfoNew.RegistrationTest@464bee09]" name="validRegistration" duration-ms="2495" started-at="2017-04-25T17:53:23Z" finished-at="2017-04-25T17:53:26Z">
          <exception class="org.openqa.selenium.support.ui.UnexpectedTagNameException">
            <message>
              <![CDATA[Element should have been "select" but was "span"
Build info: version: '2.53.1', revision: 'a36b8b1cd5757287168e54b817830adce9b0158d', time: '2016-06-30 19:26:09'
System info: host: 'NIS-PC091', ip: '192.168.1.91', os.name: 'Windows 10', os.arch: 'amd64', os.version: '10.0', java.version: '1.8.0_92'
Driver info: driver.version: unknown]]>
            </message>
            <full-stacktrace>
              <![CDATA[org.openqa.selenium.support.ui.UnexpectedTagNameException: Element should have been "select" but was "span"
Build info: version: '2.53.1', revision: 'a36b8b1cd5757287168e54b817830adce9b0158d', time: '2016-06-30 19:26:09'
System info: host: 'NIS-PC091', ip: '192.168.1.91', os.name: 'Windows 10', os.arch: 'amd64', os.version: '10.0', java.version: '1.8.0_92'
Driver info: driver.version: unknown
	at org.openqa.selenium.support.ui.Select.<init>(Select.java:47)
	at BasePackage.Utility.selectValueByVisibleText(Utility.java:30)
	at Pages.RegisterForm.selectClubFromDropdownlist(RegisterForm.java:123)
	at TestCialfoNew.RegistrationTest.validRegistration(RegistrationTest.java:55)
	at sun.reflect.NativeMethodAccessorImpl.invoke0(Native Method)
	at sun.reflect.NativeMethodAccessorImpl.invoke(Unknown Source)
	at sun.reflect.DelegatingMethodAccessorImpl.invoke(Unknown Source)
	at java.lang.reflect.Method.invoke(Unknown Source)
	at org.testng.internal.MethodInvocationHelper.invokeMethod(MethodInvocationHelper.java:100)
	at org.testng.internal.Invoker.invokeMethod(Invoker.java:646)
	at org.testng.internal.Invoker.invokeTestMethod(Invoker.java:811)
	at org.testng.internal.Invoker.invokeTestMethods(Invoker.java:1129)
	at org.testng.internal.TestMethodWorker.invokeTestMethods(TestMethodWorker.java:129)
	at org.testng.internal.TestMethodWorker.run(TestMethodWorker.java:112)
	at org.testng.TestRunner.privateRun(TestRunner.java:746)
	at org.testng.TestRunner.run(TestRunner.java:600)
	at org.testng.SuiteRunner.runTest(SuiteRunner.java:366)
	at org.testng.SuiteRunner.runSequentially(SuiteRunner.java:361)
	at org.testng.SuiteRunner.privateRun(SuiteRunner.java:319)
	at org.testng.SuiteRunner.run(SuiteRunner.java:268)
	at org.testng.SuiteRunnerWorker.runSuite(SuiteRunnerWorker.java:52)
	at org.testng.SuiteRunnerWorker.run(SuiteRunnerWorker.java:86)
	at org.testng.TestNG.runSuitesSequentially(TestNG.java:1264)
	at org.testng.TestNG.runSuitesLocally(TestNG.java:1189)
	at org.testng.TestNG.runSuites(TestNG.java:1104)
	at org.testng.TestNG.run(TestNG.java:1076)
	at org.testng.remote.AbstractRemoteTestNG.run(AbstractRemoteTestNG.java:126)
	at org.testng.remote.RemoteTestNG.initAndRun(RemoteTestNG.java:152)
	at org.testng.remote.RemoteTestNG.main(RemoteTestNG.java:57)
]]>
            </full-stacktrace>
          </exception> <!-- org.openqa.selenium.support.ui.UnexpectedTagNameException -->
          <reporter-output>
          </reporter-output>
        </test-method> <!-- validRegistration -->
        <test-method status="PASS" signature="clickGoTOSignpage()[pri:0, instance:TestCialfoNew.RegistrationTest@464bee09]" name="clickGoTOSignpage" is-config="true" duration-ms="682" started-at="2017-04-25T17:53:26Z" finished-at="2017-04-25T17:53:27Z">
          <reporter-output>
          </reporter-output>
        </test-method> <!-- clickGoTOSignpage -->
        <test-method status="PASS" signature="emptyUserNamevalidationchecks()[pri:2, instance:TestCialfoNew.RegistrationTest@464bee09]" name="emptyUserNamevalidationchecks" duration-ms="2375" started-at="2017-04-25T17:53:27Z" finished-at="2017-04-25T17:53:29Z">
          <reporter-output>
          </reporter-output>
        </test-method> <!-- emptyUserNamevalidationchecks -->
        <test-method status="PASS" signature="clickGoTOSignpage()[pri:0, instance:TestCialfoNew.RegistrationTest@464bee09]" name="clickGoTOSignpage" is-config="true" duration-ms="794" started-at="2017-04-25T17:53:29Z" finished-at="2017-04-25T17:53:30Z">
          <reporter-output>
          </reporter-output>
        </test-method> <!-- clickGoTOSignpage -->
        <test-method status="PASS" signature="emptyEmailIDChecks()[pri:3, instance:TestCialfoNew.RegistrationTest@464bee09]" name="emptyEmailIDChecks" duration-ms="2287" started-at="2017-04-25T17:53:30Z" finished-at="2017-04-25T17:53:32Z">
          <reporter-output>
          </reporter-output>
        </test-method> <!-- emptyEmailIDChecks -->
        <test-method status="PASS" signature="clickGoTOSignpage()[pri:0, instance:TestCialfoNew.RegistrationTest@464bee09]" name="clickGoTOSignpage" is-config="true" duration-ms="572" started-at="2017-04-25T17:53:32Z" finished-at="2017-04-25T17:53:33Z">
          <reporter-output>
          </reporter-output>
        </test-method> <!-- clickGoTOSignpage -->
        <test-method status="PASS" signature="invalidEmailIdvalidationChecks()[pri:4, instance:TestCialfoNew.RegistrationTest@464bee09]" name="invalidEmailIdvalidationChecks" duration-ms="2361" started-at="2017-04-25T17:53:33Z" finished-at="2017-04-25T17:53:35Z">
          <reporter-output>
          </reporter-output>
        </test-method> <!-- invalidEmailIdvalidationChecks -->
        <test-method status="PASS" signature="clickGoTOSignpage()[pri:0, instance:TestCialfoNew.RegistrationTest@464bee09]" name="clickGoTOSignpage" is-config="true" duration-ms="522" started-at="2017-04-25T17:53:35Z" finished-at="2017-04-25T17:53:36Z">
          <reporter-output>
          </reporter-output>
        </test-method> <!-- clickGoTOSignpage -->
        <test-method status="FAIL" signature="existingEmailIDValidationChecks()[pri:5, instance:TestCialfoNew.RegistrationTest@464bee09]" name="existingEmailIDValidationChecks" duration-ms="2453" started-at="2017-04-25T17:53:36Z" finished-at="2017-04-25T17:53:38Z">
          <exception class="junit.framework.ComparisonFailure">
            <message>
              <![CDATA[expected:<Please Select Club> but was:<Email you are entered not available>]]>
            </message>
            <full-stacktrace>
              <![CDATA[junit.framework.ComparisonFailure: expected:<Please Select Club> but was:<Email you are entered not available>
	at junit.framework.Assert.assertEquals(Assert.java:81)
	at junit.framework.Assert.assertEquals(Assert.java:87)
	at TestCialfoNew.RegistrationTest.existingEmailIDValidationChecks(RegistrationTest.java:150)
	at sun.reflect.NativeMethodAccessorImpl.invoke0(Native Method)
	at sun.reflect.NativeMethodAccessorImpl.invoke(Unknown Source)
	at sun.reflect.DelegatingMethodAccessorImpl.invoke(Unknown Source)
	at java.lang.reflect.Method.invoke(Unknown Source)
	at org.testng.internal.MethodInvocationHelper.invokeMethod(MethodInvocationHelper.java:100)
	at org.testng.internal.Invoker.invokeMethod(Invoker.java:646)
	at org.testng.internal.Invoker.invokeTestMethod(Invoker.java:811)
	at org.testng.internal.Invoker.invokeTestMethods(Invoker.java:1129)
	at org.testng.internal.TestMethodWorker.invokeTestMethods(TestMethodWorker.java:129)
	at org.testng.internal.TestMethodWorker.run(TestMethodWorker.java:112)
	at org.testng.TestRunner.privateRun(TestRunner.java:746)
	at org.testng.TestRunner.run(TestRunner.java:600)
	at org.testng.SuiteRunner.runTest(SuiteRunner.java:366)
	at org.testng.SuiteRunner.runSequentially(SuiteRunner.java:361)
	at org.testng.SuiteRunner.privateRun(SuiteRunner.java:319)
	at org.testng.SuiteRunner.run(SuiteRunner.java:268)
	at org.testng.SuiteRunnerWorker.runSuite(SuiteRunnerWorker.java:52)
	at org.testng.SuiteRunnerWorker.run(SuiteRunnerWorker.java:86)
	at org.testng.TestNG.runSuitesSequentially(TestNG.java:1264)
	at org.testng.TestNG.runSuitesLocally(TestNG.java:1189)
	at org.testng.TestNG.runSuites(TestNG.java:1104)
	at org.testng.TestNG.run(TestNG.java:1076)
	at org.testng.remote.AbstractRemoteTestNG.run(AbstractRemoteTestNG.java:126)
	at org.testng.remote.RemoteTestNG.initAndRun(RemoteTestNG.java:152)
	at org.testng.remote.RemoteTestNG.main(RemoteTestNG.java:57)
]]>
            </full-stacktrace>
          </exception> <!-- junit.framework.ComparisonFailure -->
          <reporter-output>
          </reporter-output>
        </test-method> <!-- existingEmailIDValidationChecks -->
        <test-method status="PASS" signature="clickGoTOSignpage()[pri:0, instance:TestCialfoNew.RegistrationTest@464bee09]" name="clickGoTOSignpage" is-config="true" duration-ms="889" started-at="2017-04-25T17:53:38Z" finished-at="2017-04-25T17:53:39Z">
          <reporter-output>
          </reporter-output>
        </test-method> <!-- clickGoTOSignpage -->
        <test-method status="PASS" signature="emptyFirstnameValidationChecks()[pri:6, instance:TestCialfoNew.RegistrationTest@464bee09]" name="emptyFirstnameValidationChecks" duration-ms="2473" started-at="2017-04-25T17:53:39Z" finished-at="2017-04-25T17:53:41Z">
          <reporter-output>
          </reporter-output>
        </test-method> <!-- emptyFirstnameValidationChecks -->
        <test-method status="PASS" signature="clickGoTOSignpage()[pri:0, instance:TestCialfoNew.RegistrationTest@464bee09]" name="clickGoTOSignpage" is-config="true" duration-ms="598" started-at="2017-04-25T17:53:41Z" finished-at="2017-04-25T17:53:42Z">
          <reporter-output>
          </reporter-output>
        </test-method> <!-- clickGoTOSignpage -->
        <test-method status="PASS" signature="emptyLastNameValidationChecks()[pri:7, instance:TestCialfoNew.RegistrationTest@464bee09]" name="emptyLastNameValidationChecks" duration-ms="2421" started-at="2017-04-25T17:53:42Z" finished-at="2017-04-25T17:53:44Z">
          <reporter-output>
          </reporter-output>
        </test-method> <!-- emptyLastNameValidationChecks -->
        <test-method status="PASS" signature="clickGoTOSignpage()[pri:0, instance:TestCialfoNew.RegistrationTest@464bee09]" name="clickGoTOSignpage" is-config="true" duration-ms="524" started-at="2017-04-25T17:53:44Z" finished-at="2017-04-25T17:53:45Z">
          <reporter-output>
          </reporter-output>
        </test-method> <!-- clickGoTOSignpage -->
        <test-method status="PASS" signature="emptyPhoneNoValidationChecks()[pri:8, instance:TestCialfoNew.RegistrationTest@464bee09]" name="emptyPhoneNoValidationChecks" duration-ms="2286" started-at="2017-04-25T17:53:45Z" finished-at="2017-04-25T17:53:47Z">
          <reporter-output>
          </reporter-output>
        </test-method> <!-- emptyPhoneNoValidationChecks -->
        <test-method status="PASS" signature="clickGoTOSignpage()[pri:0, instance:TestCialfoNew.RegistrationTest@464bee09]" name="clickGoTOSignpage" is-config="true" duration-ms="654" started-at="2017-04-25T17:53:47Z" finished-at="2017-04-25T17:53:48Z">
          <reporter-output>
          </reporter-output>
        </test-method> <!-- clickGoTOSignpage -->
        <test-method status="PASS" signature="inValidMobileNOvalidationChecks()[pri:9, instance:TestCialfoNew.RegistrationTest@464bee09]" name="inValidMobileNOvalidationChecks" duration-ms="2423" started-at="2017-04-25T17:53:48Z" finished-at="2017-04-25T17:53:50Z">
          <reporter-output>
          </reporter-output>
        </test-method> <!-- inValidMobileNOvalidationChecks -->
        <test-method status="PASS" signature="clickGoTOSignpage()[pri:0, instance:TestCialfoNew.RegistrationTest@464bee09]" name="clickGoTOSignpage" is-config="true" duration-ms="547" started-at="2017-04-25T17:53:50Z" finished-at="2017-04-25T17:53:51Z">
          <reporter-output>
          </reporter-output>
        </test-method> <!-- clickGoTOSignpage -->
        <test-method status="PASS" signature="inValidPasswordErrorChecks()[pri:10, instance:TestCialfoNew.RegistrationTest@464bee09]" name="inValidPasswordErrorChecks" duration-ms="2319" started-at="2017-04-25T17:53:51Z" finished-at="2017-04-25T17:53:53Z">
          <reporter-output>
          </reporter-output>
        </test-method> <!-- inValidPasswordErrorChecks -->
        <test-method status="PASS" signature="clickGoTOSignpage()[pri:0, instance:TestCialfoNew.RegistrationTest@464bee09]" name="clickGoTOSignpage" is-config="true" duration-ms="537" started-at="2017-04-25T17:53:53Z" finished-at="2017-04-25T17:53:54Z">
          <reporter-output>
          </reporter-output>
        </test-method> <!-- clickGoTOSignpage -->
        <test-method status="FAIL" signature="missMatchPasswordvalidationChecks()[pri:11, instance:TestCialfoNew.RegistrationTest@464bee09]" name="missMatchPasswordvalidationChecks" duration-ms="2308" started-at="2017-04-25T17:53:54Z" finished-at="2017-04-25T17:53:56Z">
          <exception class="junit.framework.ComparisonFailure">
            <message>
              <![CDATA[expected:<Password do not match.> but was:<>]]>
            </message>
            <full-stacktrace>
              <![CDATA[junit.framework.ComparisonFailure: expected:<Password do not match.> but was:<>
	at junit.framework.Assert.assertEquals(Assert.java:81)
	at junit.framework.Assert.assertEquals(Assert.java:87)
	at TestCialfoNew.RegistrationTest.missMatchPasswordvalidationChecks(RegistrationTest.java:287)
	at sun.reflect.NativeMethodAccessorImpl.invoke0(Native Method)
	at sun.reflect.NativeMethodAccessorImpl.invoke(Unknown Source)
	at sun.reflect.DelegatingMethodAccessorImpl.invoke(Unknown Source)
	at java.lang.reflect.Method.invoke(Unknown Source)
	at org.testng.internal.MethodInvocationHelper.invokeMethod(MethodInvocationHelper.java:100)
	at org.testng.internal.Invoker.invokeMethod(Invoker.java:646)
	at org.testng.internal.Invoker.invokeTestMethod(Invoker.java:811)
	at org.testng.internal.Invoker.invokeTestMethods(Invoker.java:1129)
	at org.testng.internal.TestMethodWorker.invokeTestMethods(TestMethodWorker.java:129)
	at org.testng.internal.TestMethodWorker.run(TestMethodWorker.java:112)
	at org.testng.TestRunner.privateRun(TestRunner.java:746)
	at org.testng.TestRunner.run(TestRunner.java:600)
	at org.testng.SuiteRunner.runTest(SuiteRunner.java:366)
	at org.testng.SuiteRunner.runSequentially(SuiteRunner.java:361)
	at org.testng.SuiteRunner.privateRun(SuiteRunner.java:319)
	at org.testng.SuiteRunner.run(SuiteRunner.java:268)
	at org.testng.SuiteRunnerWorker.runSuite(SuiteRunnerWorker.java:52)
	at org.testng.SuiteRunnerWorker.run(SuiteRunnerWorker.java:86)
	at org.testng.TestNG.runSuitesSequentially(TestNG.java:1264)
	at org.testng.TestNG.runSuitesLocally(TestNG.java:1189)
	at org.testng.TestNG.runSuites(TestNG.java:1104)
	at org.testng.TestNG.run(TestNG.java:1076)
	at org.testng.remote.AbstractRemoteTestNG.run(AbstractRemoteTestNG.java:126)
	at org.testng.remote.RemoteTestNG.initAndRun(RemoteTestNG.java:152)
	at org.testng.remote.RemoteTestNG.main(RemoteTestNG.java:57)
]]>
            </full-stacktrace>
          </exception> <!-- junit.framework.ComparisonFailure -->
          <reporter-output>
          </reporter-output>
        </test-method> <!-- missMatchPasswordvalidationChecks -->
        <test-method status="PASS" signature="clickGoTOSignpage()[pri:0, instance:TestCialfoNew.RegistrationTest@464bee09]" name="clickGoTOSignpage" is-config="true" duration-ms="599" started-at="2017-04-25T17:53:56Z" finished-at="2017-04-25T17:53:57Z">
          <reporter-output>
          </reporter-output>
        </test-method> <!-- clickGoTOSignpage -->
        <test-method status="PASS" signature="emptyLocationvalidationChecks()[pri:12, instance:TestCialfoNew.RegistrationTest@464bee09]" name="emptyLocationvalidationChecks" duration-ms="2332" started-at="2017-04-25T17:53:57Z" finished-at="2017-04-25T17:53:59Z">
          <reporter-output>
          </reporter-output>
        </test-method> <!-- emptyLocationvalidationChecks -->
        <test-method status="PASS" signature="clickGoTOSignpage()[pri:0, instance:TestCialfoNew.RegistrationTest@464bee09]" name="clickGoTOSignpage" is-config="true" duration-ms="549" started-at="2017-04-25T17:53:59Z" finished-at="2017-04-25T17:53:59Z">
          <reporter-output>
          </reporter-output>
        </test-method> <!-- clickGoTOSignpage -->
      </class> <!-- TestCialfoNew.RegistrationTest -->
      <class name="BasePackage.BaseClass">
        <test-method status="PASS" signature="launchAUTApplication()[pri:0, instance:BasePackage.BaseClass@146ba0ac]" name="launchAUTApplication" is-config="true" duration-ms="6137" started-at="2017-04-25T17:53:02Z" finished-at="2017-04-25T17:53:08Z">
          <reporter-output>
          </reporter-output>
        </test-method> <!-- launchAUTApplication -->
        <test-method status="PASS" signature="cleanUp()[pri:0, instance:BasePackage.BaseClass@146ba0ac]" name="cleanUp" is-config="true" duration-ms="123" started-at="2017-04-25T17:54:00Z" finished-at="2017-04-25T17:54:00Z">
          <reporter-output>
          </reporter-output>
        </test-method> <!-- cleanUp -->
      </class> <!-- BasePackage.BaseClass -->
      <class name="TestCialfoNew.ProfileEditTest">
        <test-method status="PASS" signature="enterValuesInPersonalInfoAndCheckSucessMessage()[pri:1, instance:TestCialfoNew.ProfileEditTest@4dfa3a9d]" name="enterValuesInPersonalInfoAndCheckSucessMessage" duration-ms="5022" started-at="2017-04-25T17:53:08Z" finished-at="2017-04-25T17:53:13Z">
          <reporter-output>
          </reporter-output>
        </test-method> <!-- enterValuesInPersonalInfoAndCheckSucessMessage -->
        <test-method status="FAIL" signature="verifyProfileNameinOverviewpage()[pri:2, instance:TestCialfoNew.ProfileEditTest@4dfa3a9d]" name="verifyProfileNameinOverviewpage" duration-ms="1422" started-at="2017-04-25T17:53:13Z" finished-at="2017-04-25T17:53:14Z">
          <exception class="java.lang.AssertionError">
            <message>
              <![CDATA[expected [Samsung SwimClub] but found []]]>
            </message>
            <full-stacktrace>
              <![CDATA[java.lang.AssertionError: expected [Samsung SwimClub] but found []
	at org.testng.Assert.fail(Assert.java:94)
	at org.testng.Assert.failNotEquals(Assert.java:513)
	at org.testng.Assert.assertEqualsImpl(Assert.java:135)
	at org.testng.Assert.assertEquals(Assert.java:116)
	at org.testng.Assert.assertEquals(Assert.java:190)
	at org.testng.Assert.assertEquals(Assert.java:200)
	at TestCialfoNew.ProfileEditTest.verifyProfileNameinOverviewpage(ProfileEditTest.java:55)
	at sun.reflect.NativeMethodAccessorImpl.invoke0(Native Method)
	at sun.reflect.NativeMethodAccessorImpl.invoke(Unknown Source)
	at sun.reflect.DelegatingMethodAccessorImpl.invoke(Unknown Source)
	at java.lang.reflect.Method.invoke(Unknown Source)
	at org.testng.internal.MethodInvocationHelper.invokeMethod(MethodInvocationHelper.java:100)
	at org.testng.internal.Invoker.invokeMethod(Invoker.java:646)
	at org.testng.internal.Invoker.invokeTestMethod(Invoker.java:811)
	at org.testng.internal.Invoker.invokeTestMethods(Invoker.java:1129)
	at org.testng.internal.TestMethodWorker.invokeTestMethods(TestMethodWorker.java:129)
	at org.testng.internal.TestMethodWorker.run(TestMethodWorker.java:112)
	at org.testng.TestRunner.privateRun(TestRunner.java:746)
	at org.testng.TestRunner.run(TestRunner.java:600)
	at org.testng.SuiteRunner.runTest(SuiteRunner.java:366)
	at org.testng.SuiteRunner.runSequentially(SuiteRunner.java:361)
	at org.testng.SuiteRunner.privateRun(SuiteRunner.java:319)
	at org.testng.SuiteRunner.run(SuiteRunner.java:268)
	at org.testng.SuiteRunnerWorker.runSuite(SuiteRunnerWorker.java:52)
	at org.testng.SuiteRunnerWorker.run(SuiteRunnerWorker.java:86)
	at org.testng.TestNG.runSuitesSequentially(TestNG.java:1264)
	at org.testng.TestNG.runSuitesLocally(TestNG.java:1189)
	at org.testng.TestNG.runSuites(TestNG.java:1104)
	at org.testng.TestNG.run(TestNG.java:1076)
	at org.testng.remote.AbstractRemoteTestNG.run(AbstractRemoteTestNG.java:126)
	at org.testng.remote.RemoteTestNG.initAndRun(RemoteTestNG.java:152)
	at org.testng.remote.RemoteTestNG.main(RemoteTestNG.java:57)
]]>
            </full-stacktrace>
          </exception> <!-- java.lang.AssertionError -->
          <reporter-output>
          </reporter-output>
        </test-method> <!-- verifyProfileNameinOverviewpage -->
        <test-method status="PASS" signature="profileNameInTopRightSide()[pri:3, instance:TestCialfoNew.ProfileEditTest@4dfa3a9d]" name="profileNameInTopRightSide" duration-ms="1247" started-at="2017-04-25T17:53:14Z" finished-at="2017-04-25T17:53:16Z">
          <reporter-output>
          </reporter-output>
        </test-method> <!-- profileNameInTopRightSide -->
        <test-method status="PASS" signature="profileNameInSecondaryMenu()[pri:4, instance:TestCialfoNew.ProfileEditTest@4dfa3a9d]" name="profileNameInSecondaryMenu" duration-ms="145" started-at="2017-04-25T17:53:16Z" finished-at="2017-04-25T17:53:16Z">
          <reporter-output>
          </reporter-output>
        </test-method> <!-- profileNameInSecondaryMenu -->
        <test-method status="PASS" signature="verifyPersonalInfoIsUpdatedOrNot()[pri:5, instance:TestCialfoNew.ProfileEditTest@4dfa3a9d]" name="verifyPersonalInfoIsUpdatedOrNot" duration-ms="327" started-at="2017-04-25T17:53:16Z" finished-at="2017-04-25T17:53:16Z">
          <reporter-output>
          </reporter-output>
        </test-method> <!-- verifyPersonalInfoIsUpdatedOrNot -->
        <test-method status="PASS" signature="enterAddressAndSave()[pri:9, instance:TestCialfoNew.ProfileEditTest@4dfa3a9d]" name="enterAddressAndSave" duration-ms="1470" started-at="2017-04-25T17:53:16Z" finished-at="2017-04-25T17:53:17Z">
          <reporter-output>
          </reporter-output>
        </test-method> <!-- enterAddressAndSave -->
        <test-method status="PASS" signature="checkStreetUpdatedOrNot()[pri:10, instance:TestCialfoNew.ProfileEditTest@4dfa3a9d]" name="checkStreetUpdatedOrNot" duration-ms="934" started-at="2017-04-25T17:53:17Z" finished-at="2017-04-25T17:53:18Z">
          <reporter-output>
          </reporter-output>
        </test-method> <!-- checkStreetUpdatedOrNot -->
      </class> <!-- TestCialfoNew.ProfileEditTest -->
      <class name="TestCialfoNew.ChangePasswordTest">
        <test-method status="PASS" signature="checkPasswordChangesSucessMesssage()[pri:1, instance:TestCialfoNew.ChangePasswordTest@6eebc39e]" name="checkPasswordChangesSucessMesssage" duration-ms="1431" started-at="2017-04-25T17:53:18Z" finished-at="2017-04-25T17:53:20Z">
          <reporter-output>
          </reporter-output>
        </test-method> <!-- checkPasswordChangesSucessMesssage -->
        <test-method status="PASS" signature="verigyLoginWithNewPassword()[pri:2, instance:TestCialfoNew.ChangePasswordTest@6eebc39e]" name="verigyLoginWithNewPassword" duration-ms="1001" started-at="2017-04-25T17:53:20Z" finished-at="2017-04-25T17:53:21Z">
          <reporter-output>
          </reporter-output>
        </test-method> <!-- verigyLoginWithNewPassword -->
        <test-method status="PASS" signature="verifyLoginWithOldpassword()[pri:3, instance:TestCialfoNew.ChangePasswordTest@6eebc39e]" name="verifyLoginWithOldpassword" duration-ms="1135" started-at="2017-04-25T17:53:21Z" finished-at="2017-04-25T17:53:22Z">
          <reporter-output>
          </reporter-output>
        </test-method> <!-- verifyLoginWithOldpassword -->
        <test-method status="PASS" signature="newandConfirmPasswordvaldiation()[pri:4, instance:TestCialfoNew.ChangePasswordTest@6eebc39e]" name="newandConfirmPasswordvaldiation" duration-ms="1472" started-at="2017-04-25T17:53:22Z" finished-at="2017-04-25T17:53:23Z">
          <reporter-output>
          </reporter-output>
        </test-method> <!-- newandConfirmPasswordvaldiation -->
      </class> <!-- TestCialfoNew.ChangePasswordTest -->
    </test> <!-- CialfoNewversion -->
  </suite> <!-- RegressionSutie -->
</testng-results>
