<?xml version="1.0" encoding="UTF-8"?>
<!-- Generated by org.testng.reporters.JUnitXMLReporter -->
<testsuite hostname="NIS-PC091" name="CialfoNewversion" tests="8" failures="1" timestamp="3 May 2017 15:00:38 GMT" time="189.58" errors="0">
  <testcase name="@AfterMethod afterMathos" time="0.0" classname="TestCialfoNew.BatchTest">
    <failure type="org.openqa.selenium.WebDriverException" message="unknown error: Element &amp;lt;a _ngcontent-mdd-55=&amp;quot;&amp;quot; class=&amp;quot;logo&amp;quot; href=&amp;quot;/dashboard&amp;quot; routerlink=&amp;quot;/dashboard&amp;quot;&amp;gt;...&amp;lt;/a&amp;gt; is not clickable at point (115, 25). Other element would receive the click: &amp;lt;div _ngcontent-mdd-25=&amp;quot;&amp;quot; aria-labelledby=&amp;quot;myModalLabel&amp;quot; class=&amp;quot;modal fade in&amp;quot; id=&amp;quot;coachModal&amp;quot; role=&amp;quot;dialog&amp;quot; style=&amp;quot;display: block; padding-right: 17px;&amp;quot;&amp;gt;...&amp;lt;/div&amp;gt;
  (Session info: chrome=57.0.2987.133)
  (Driver info: chromedriver=2.27.440174 (e97a722caafc2d3a8b807ee115bfb307f7d2cfd9),platform=Windows NT 10.0.10586 x86_64) (WARNING: The server did not provide any stacktrace information)
Command duration or timeout: 48 milliseconds
Build info: version: &amp;apos;2.53.1&amp;apos;, revision: &amp;apos;a36b8b1cd5757287168e54b817830adce9b0158d&amp;apos;, time: &amp;apos;2016-06-30 19:26:09&amp;apos;
System info: host: &amp;apos;NIS-PC091&amp;apos;, ip: &amp;apos;192.168.1.91&amp;apos;, os.name: &amp;apos;Windows 10&amp;apos;, os.arch: &amp;apos;amd64&amp;apos;, os.version: &amp;apos;10.0&amp;apos;, java.version: &amp;apos;1.8.0_92&amp;apos;
Driver info: org.openqa.selenium.chrome.ChromeDriver
Capabilities [{applicationCacheEnabled=false, rotatable=false, mobileEmulationEnabled=false, networkConnectionEnabled=false, chrome={chromedriverVersion=2.27.440174 (e97a722caafc2d3a8b807ee115bfb307f7d2cfd9), userDataDir=C:\Users\NICHIU~1\AppData\Local\Temp\scoped_dir15016_29060}, takesHeapSnapshot=true, pageLoadStrategy=normal, databaseEnabled=false, handlesAlerts=true, hasTouchScreen=false, version=57.0.2987.133, platform=XP, browserConnectionEnabled=false, nativeEvents=true, acceptSslCerts=true, locationContextEnabled=true, webStorageEnabled=true, browserName=chrome, takesScreenshot=true, javascriptEnabled=true, cssSelectorsEnabled=true, unexpectedAlertBehaviour=}]
Session ID: fca89994d9e7c86c978a7855441b9565">
      <![CDATA[org.openqa.selenium.WebDriverException: unknown error: Element <a _ngcontent-mdd-55="" class="logo" href="/dashboard" routerlink="/dashboard">...</a> is not clickable at point (115, 25). Other element would receive the click: <div _ngcontent-mdd-25="" aria-labelledby="myModalLabel" class="modal fade in" id="coachModal" role="dialog" style="display: block; padding-right: 17px;">...</div>
  (Session info: chrome=57.0.2987.133)
  (Driver info: chromedriver=2.27.440174 (e97a722caafc2d3a8b807ee115bfb307f7d2cfd9),platform=Windows NT 10.0.10586 x86_64) (WARNING: The server did not provide any stacktrace information)
Command duration or timeout: 48 milliseconds
Build info: version: '2.53.1', revision: 'a36b8b1cd5757287168e54b817830adce9b0158d', time: '2016-06-30 19:26:09'
System info: host: 'NIS-PC091', ip: '192.168.1.91', os.name: 'Windows 10', os.arch: 'amd64', os.version: '10.0', java.version: '1.8.0_92'
Driver info: org.openqa.selenium.chrome.ChromeDriver
Capabilities [{applicationCacheEnabled=false, rotatable=false, mobileEmulationEnabled=false, networkConnectionEnabled=false, chrome={chromedriverVersion=2.27.440174 (e97a722caafc2d3a8b807ee115bfb307f7d2cfd9), userDataDir=C:\Users\NICHIU~1\AppData\Local\Temp\scoped_dir15016_29060}, takesHeapSnapshot=true, pageLoadStrategy=normal, databaseEnabled=false, handlesAlerts=true, hasTouchScreen=false, version=57.0.2987.133, platform=XP, browserConnectionEnabled=false, nativeEvents=true, acceptSslCerts=true, locationContextEnabled=true, webStorageEnabled=true, browserName=chrome, takesScreenshot=true, javascriptEnabled=true, cssSelectorsEnabled=true, unexpectedAlertBehaviour=}]
Session ID: fca89994d9e7c86c978a7855441b9565
	at org.openqa.selenium.remote.ErrorHandler.createThrowable(ErrorHandler.java:206)
	at org.openqa.selenium.remote.ErrorHandler.throwIfResponseFailed(ErrorHandler.java:158)
	at org.openqa.selenium.remote.RemoteWebDriver.execute(RemoteWebDriver.java:678)
	at org.openqa.selenium.remote.RemoteWebElement.execute(RemoteWebElement.java:327)
	at org.openqa.selenium.remote.RemoteWebElement.click(RemoteWebElement.java:85)
	at TestCialfoNew.BatchTest.afterMathos(BatchTest.java:292)
... Removed 31 stack frames]]>
    </failure>
  </testcase> <!-- @AfterMethod afterMathos -->
  <testcase name="@AfterMethod afterMathos" time="0.0" classname="TestCialfoNew.BatchTest">
    <skipped/>
  </testcase> <!-- @AfterMethod afterMathos -->
  <testcase name="@AfterMethod afterMathos" time="0.0" classname="TestCialfoNew.BatchTest">
    <skipped/>
  </testcase> <!-- @AfterMethod afterMathos -->
  <testcase name="checkCoachIsmatchingorNot" time="61.924" classname="TestCialfoNew.BatchTest"/>
  <testcase name="addedbatchIsListedOrNot" time="61.084" classname="TestCialfoNew.BatchTest"/>
  <testcase name="checkBatchNamevalidation" time="0.454" classname="TestCialfoNew.BatchTest">
    <failure type="org.openqa.selenium.ElementNotVisibleException" message="element not visible
  (Session info: chrome=57.0.2987.133)
  (Driver info: chromedriver=2.27.440174 (e97a722caafc2d3a8b807ee115bfb307f7d2cfd9),platform=Windows NT 10.0.10586 x86_64) (WARNING: The server did not provide any stacktrace information)
Command duration or timeout: 30 milliseconds
Build info: version: &amp;apos;2.53.1&amp;apos;, revision: &amp;apos;a36b8b1cd5757287168e54b817830adce9b0158d&amp;apos;, time: &amp;apos;2016-06-30 19:26:09&amp;apos;
System info: host: &amp;apos;NIS-PC091&amp;apos;, ip: &amp;apos;192.168.1.91&amp;apos;, os.name: &amp;apos;Windows 10&amp;apos;, os.arch: &amp;apos;amd64&amp;apos;, os.version: &amp;apos;10.0&amp;apos;, java.version: &amp;apos;1.8.0_92&amp;apos;
Driver info: org.openqa.selenium.chrome.ChromeDriver
Capabilities [{applicationCacheEnabled=false, rotatable=false, mobileEmulationEnabled=false, networkConnectionEnabled=false, chrome={chromedriverVersion=2.27.440174 (e97a722caafc2d3a8b807ee115bfb307f7d2cfd9), userDataDir=C:\Users\NICHIU~1\AppData\Local\Temp\scoped_dir15016_29060}, takesHeapSnapshot=true, pageLoadStrategy=normal, databaseEnabled=false, handlesAlerts=true, hasTouchScreen=false, version=57.0.2987.133, platform=XP, browserConnectionEnabled=false, nativeEvents=true, acceptSslCerts=true, locationContextEnabled=true, webStorageEnabled=true, browserName=chrome, takesScreenshot=true, javascriptEnabled=true, cssSelectorsEnabled=true, unexpectedAlertBehaviour=}]
Session ID: fca89994d9e7c86c978a7855441b9565">
      <![CDATA[org.openqa.selenium.ElementNotVisibleException: element not visible
  (Session info: chrome=57.0.2987.133)
  (Driver info: chromedriver=2.27.440174 (e97a722caafc2d3a8b807ee115bfb307f7d2cfd9),platform=Windows NT 10.0.10586 x86_64) (WARNING: The server did not provide any stacktrace information)
Command duration or timeout: 30 milliseconds
Build info: version: '2.53.1', revision: 'a36b8b1cd5757287168e54b817830adce9b0158d', time: '2016-06-30 19:26:09'
System info: host: 'NIS-PC091', ip: '192.168.1.91', os.name: 'Windows 10', os.arch: 'amd64', os.version: '10.0', java.version: '1.8.0_92'
Driver info: org.openqa.selenium.chrome.ChromeDriver
Capabilities [{applicationCacheEnabled=false, rotatable=false, mobileEmulationEnabled=false, networkConnectionEnabled=false, chrome={chromedriverVersion=2.27.440174 (e97a722caafc2d3a8b807ee115bfb307f7d2cfd9), userDataDir=C:\Users\NICHIU~1\AppData\Local\Temp\scoped_dir15016_29060}, takesHeapSnapshot=true, pageLoadStrategy=normal, databaseEnabled=false, handlesAlerts=true, hasTouchScreen=false, version=57.0.2987.133, platform=XP, browserConnectionEnabled=false, nativeEvents=true, acceptSslCerts=true, locationContextEnabled=true, webStorageEnabled=true, browserName=chrome, takesScreenshot=true, javascriptEnabled=true, cssSelectorsEnabled=true, unexpectedAlertBehaviour=}]
Session ID: fca89994d9e7c86c978a7855441b9565
	at org.openqa.selenium.remote.ErrorHandler.createThrowable(ErrorHandler.java:206)
	at org.openqa.selenium.remote.ErrorHandler.throwIfResponseFailed(ErrorHandler.java:158)
	at org.openqa.selenium.remote.RemoteWebDriver.execute(RemoteWebDriver.java:678)
	at org.openqa.selenium.remote.RemoteWebElement.execute(RemoteWebElement.java:327)
	at org.openqa.selenium.remote.RemoteWebElement.click(RemoteWebElement.java:85)
	at TestCialfoNew.BatchTest.checkBatchNamevalidation(BatchTest.java:112)
... Removed 29 stack frames]]>
    </failure>
  </testcase> <!-- checkBatchNamevalidation -->
  <testcase name="checkCoachNameisMatchingOrNot" time="1.36" classname="TestCialfoNew.BatchTest"/>
  <testcase name="checkBatchNameIsMaatchingOrNot" time="1.369" classname="TestCialfoNew.BatchTest"/>
  <testcase name="tranferBatch" time="62.843" classname="TestCialfoNew.BatchTest"/>
  <testcase name="checkCoachnameAfterTranfer" time="0.001" classname="TestCialfoNew.BatchTest">
    <skipped/>
  </testcase> <!-- checkCoachnameAfterTranfer -->
  <testcase name="checkCoachNameIsSwimmersPageAftertransfer" time="0.002" classname="TestCialfoNew.BatchTest">
    <skipped/>
  </testcase> <!-- checkCoachNameIsSwimmersPageAftertransfer -->
</testsuite> <!-- CialfoNewversion -->
