<?xml version="1.0" encoding="UTF-8"?>
<!-- Generated by org.testng.reporters.JUnitXMLReporter -->
<testsuite hostname="NIS-PC091" name="CialfoNewversion" tests="7" failures="1" timestamp="25 Apr 2017 10:26:20 GMT" time="11.641" errors="0">
  <testcase name="enterValuesInPersonalInfoAndCheckSucessMessage" time="5.14" classname="TestCialfoNew.ProfileEditTest"/>
  <testcase name="verifyProfileNameinOverviewpage" time="2.499" classname="TestCialfoNew.ProfileEditTest">
    <failure type="java.lang.AssertionError" message="expected [Samsung SwimClub] but found []">
      <![CDATA[java.lang.AssertionError: expected [Samsung SwimClub] but found []
	at TestCialfoNew.ProfileEditTest.verifyProfileNameinOverviewpage(ProfileEditTest.java:55)
... Removed 31 stack frames]]>
    </failure>
  </testcase> <!-- verifyProfileNameinOverviewpage -->
  <testcase name="profileNameInTopRightSide" time="1.408" classname="TestCialfoNew.ProfileEditTest"/>
  <testcase name="profileNameInSecondaryMenu" time="0.136" classname="TestCialfoNew.ProfileEditTest"/>
  <testcase name="verifyPersonalInfoIsUpdatedOrNot" time="0.306" classname="TestCialfoNew.ProfileEditTest"/>
  <testcase name="enterAddressAndSave" time="1.383" classname="TestCialfoNew.ProfileEditTest"/>
  <testcase name="checkStreetUpdatedOrNot" time="0.726" classname="TestCialfoNew.ProfileEditTest"/>
</testsuite> <!-- CialfoNewversion -->
