<?xml version="1.0" encoding="UTF-8"?>
<!-- Generated by org.testng.reporters.JUnitXMLReporter -->
<testsuite hostname="NIS-PC091" name="CialfoNewversion" tests="1" failures="1" timestamp="1 Jun 2017 13:57:38 GMT" time="65.873" errors="0">
  <testcase name="checkSwimmerNotDisplayedInPendingListAfterReject" time="65.822" classname="TestCialfoNew.PendingUsersTest">
    <failure type="junit.framework.AssertionFailedError" message="expected:&amp;lt;true&amp;gt; but was:&amp;lt;false&amp;gt;">
      <![CDATA[junit.framework.AssertionFailedError: expected:<true> but was:<false>
	at junit.framework.Assert.fail(Assert.java:47)
	at junit.framework.Assert.failNotEquals(Assert.java:282)
	at junit.framework.Assert.assertEquals(Assert.java:64)
	at junit.framework.Assert.assertEquals(Assert.java:149)
	at junit.framework.Assert.assertEquals(Assert.java:155)
	at TestCialfoNew.PendingUsersTest.checkSwimmerNotDisplayedInPendingListAfterReject(PendingUsersTest.java:118)
... Removed 25 stack frames]]>
    </failure>
  </testcase> <!-- checkSwimmerNotDisplayedInPendingListAfterReject -->
</testsuite> <!-- CialfoNewversion -->
