<?xml version="1.0" encoding="UTF-8"?>
<!-- Generated by org.testng.reporters.JUnitXMLReporter -->
<testsuite hostname="NIS-PC091" name="CialfoNewversion" tests="1" failures="1" timestamp="28 Apr 2017 13:33:50 GMT" time="12.246" errors="0">
  <testcase name="addingBatch" time="12.208" classname="TestCialfoNew.BatchTest">
    <failure type="java.lang.NullPointerException">
      <![CDATA[java.lang.NullPointerException
	at org.openqa.selenium.remote.RemoteWebElement.findElements(RemoteWebElement.java:223)
	at org.openqa.selenium.remote.RemoteWebElement.findElementsByTagName(RemoteWebElement.java:320)
	at org.openqa.selenium.By$ByTagName.findElements(By.java:327)
	at org.openqa.selenium.remote.RemoteWebElement.findElements(RemoteWebElement.java:190)
	at Pages.BatchList.selectCoach(BatchList.java:63)
	at TestCialfoNew.BatchTest.addingBatch(BatchTest.java:31)
... Removed 25 stack frames]]>
    </failure>
  </testcase> <!-- addingBatch -->
</testsuite> <!-- CialfoNewversion -->
