<?xml version="1.0" encoding="UTF-8"?>
<!-- Generated by org.testng.reporters.JUnitXMLReporter -->
<testsuite hostname="NIS-PC091" name="CialfoNewversion" tests="1" failures="1" timestamp="9 May 2017 12:04:28 GMT" time="7.551" errors="0">
  <testcase name="addingBatch" time="7.533" classname="TestCialfoNew.MyTest">
    <failure type="java.lang.AssertionError" message="expected [Batch Added Successfully] but found []">
      <![CDATA[java.lang.AssertionError: expected [Batch Added Successfully] but found []
	at TestCialfoNew.MyTest.addingBatch(MyTest.java:274)
... Removed 31 stack frames]]>
    </failure>
  </testcase> <!-- addingBatch -->
</testsuite> <!-- CialfoNewversion -->
