<?xml version="1.0" encoding="UTF-8"?>
<!-- Generated by org.testng.reporters.JUnitXMLReporter -->
<testsuite hostname="NIS-PC091" name="CialfoNewversion" tests="1" failures="1" timestamp="29 May 2017 14:31:04 GMT" time="14.194" errors="0">
  <testcase name="testt" time="14.164" classname="TestCialfoNew.MyTest">
    <failure type="java.lang.NullPointerException">
      <![CDATA[java.lang.NullPointerException
	at TestCialfoNew.MyTest.testt(MyTest.java:320)
... Removed 25 stack frames]]>
    </failure>
  </testcase> <!-- testt -->
</testsuite> <!-- CialfoNewversion -->
