<?xml version="1.0" encoding="UTF-8"?>
<!-- Generated by org.testng.reporters.JUnitXMLReporter -->
<testsuite hostname="NIS-PC091" name="CialfoNewversion" tests="23" failures="4" timestamp="25 Apr 2017 12:24:00 GMT" time="51.678" errors="0">
  <testcase name="enterValuesInPersonalInfoAndCheckSucessMessage" time="5.022" classname="TestCialfoNew.ProfileEditTest"/>
  <testcase name="verifyProfileNameinOverviewpage" time="1.422" classname="TestCialfoNew.ProfileEditTest">
    <failure type="java.lang.AssertionError" message="expected [Samsung SwimClub] but found []">
      <![CDATA[java.lang.AssertionError: expected [Samsung SwimClub] but found []
	at TestCialfoNew.ProfileEditTest.verifyProfileNameinOverviewpage(ProfileEditTest.java:55)
... Removed 31 stack frames]]>
    </failure>
  </testcase> <!-- verifyProfileNameinOverviewpage -->
  <testcase name="profileNameInTopRightSide" time="1.247" classname="TestCialfoNew.ProfileEditTest"/>
  <testcase name="profileNameInSecondaryMenu" time="0.145" classname="TestCialfoNew.ProfileEditTest"/>
  <testcase name="verifyPersonalInfoIsUpdatedOrNot" time="0.327" classname="TestCialfoNew.ProfileEditTest"/>
  <testcase name="enterAddressAndSave" time="1.47" classname="TestCialfoNew.ProfileEditTest"/>
  <testcase name="checkStreetUpdatedOrNot" time="0.934" classname="TestCialfoNew.ProfileEditTest"/>
  <testcase name="checkPasswordChangesSucessMesssage" time="1.431" classname="TestCialfoNew.ChangePasswordTest"/>
  <testcase name="verigyLoginWithNewPassword" time="1.001" classname="TestCialfoNew.ChangePasswordTest"/>
  <testcase name="verifyLoginWithOldpassword" time="1.135" classname="TestCialfoNew.ChangePasswordTest"/>
  <testcase name="newandConfirmPasswordvaldiation" time="1.472" classname="TestCialfoNew.ChangePasswordTest"/>
  <testcase name="validRegistration" time="2.495" classname="TestCialfoNew.RegistrationTest">
    <failure type="org.openqa.selenium.support.ui.UnexpectedTagNameException" message="Element should have been &amp;quot;select&amp;quot; but was &amp;quot;span&amp;quot;
Build info: version: &amp;apos;2.53.1&amp;apos;, revision: &amp;apos;a36b8b1cd5757287168e54b817830adce9b0158d&amp;apos;, time: &amp;apos;2016-06-30 19:26:09&amp;apos;
System info: host: &amp;apos;NIS-PC091&amp;apos;, ip: &amp;apos;192.168.1.91&amp;apos;, os.name: &amp;apos;Windows 10&amp;apos;, os.arch: &amp;apos;amd64&amp;apos;, os.version: &amp;apos;10.0&amp;apos;, java.version: &amp;apos;1.8.0_92&amp;apos;
Driver info: driver.version: unknown">
      <![CDATA[org.openqa.selenium.support.ui.UnexpectedTagNameException: Element should have been "select" but was "span"
Build info: version: '2.53.1', revision: 'a36b8b1cd5757287168e54b817830adce9b0158d', time: '2016-06-30 19:26:09'
System info: host: 'NIS-PC091', ip: '192.168.1.91', os.name: 'Windows 10', os.arch: 'amd64', os.version: '10.0', java.version: '1.8.0_92'
Driver info: driver.version: unknown
	at org.openqa.selenium.support.ui.Select.<init>(Select.java:47)
	at BasePackage.Utility.selectValueByVisibleText(Utility.java:30)
	at Pages.RegisterForm.selectClubFromDropdownlist(RegisterForm.java:123)
	at TestCialfoNew.RegistrationTest.validRegistration(RegistrationTest.java:55)
... Removed 25 stack frames]]>
    </failure>
  </testcase> <!-- validRegistration -->
  <testcase name="emptyUserNamevalidationchecks" time="2.375" classname="TestCialfoNew.RegistrationTest"/>
  <testcase name="emptyEmailIDChecks" time="2.287" classname="TestCialfoNew.RegistrationTest"/>
  <testcase name="invalidEmailIdvalidationChecks" time="2.361" classname="TestCialfoNew.RegistrationTest"/>
  <testcase name="existingEmailIDValidationChecks" time="2.453" classname="TestCialfoNew.RegistrationTest">
    <failure type="junit.framework.ComparisonFailure" message="expected:&amp;lt;Please Select Club&amp;gt; but was:&amp;lt;Email you are entered not available&amp;gt;">
      <![CDATA[junit.framework.ComparisonFailure: expected:<Please Select Club> but was:<Email you are entered not available>
	at junit.framework.Assert.assertEquals(Assert.java:81)
	at junit.framework.Assert.assertEquals(Assert.java:87)
	at TestCialfoNew.RegistrationTest.existingEmailIDValidationChecks(RegistrationTest.java:150)
... Removed 25 stack frames]]>
    </failure>
  </testcase> <!-- existingEmailIDValidationChecks -->
  <testcase name="emptyFirstnameValidationChecks" time="2.473" classname="TestCialfoNew.RegistrationTest"/>
  <testcase name="emptyLastNameValidationChecks" time="2.421" classname="TestCialfoNew.RegistrationTest"/>
  <testcase name="emptyPhoneNoValidationChecks" time="2.286" classname="TestCialfoNew.RegistrationTest"/>
  <testcase name="inValidMobileNOvalidationChecks" time="2.423" classname="TestCialfoNew.RegistrationTest"/>
  <testcase name="inValidPasswordErrorChecks" time="2.319" classname="TestCialfoNew.RegistrationTest"/>
  <testcase name="missMatchPasswordvalidationChecks" time="2.308" classname="TestCialfoNew.RegistrationTest">
    <failure type="junit.framework.ComparisonFailure" message="expected:&amp;lt;Password do not match.&amp;gt; but was:&amp;lt;&amp;gt;">
      <![CDATA[junit.framework.ComparisonFailure: expected:<Password do not match.> but was:<>
	at junit.framework.Assert.assertEquals(Assert.java:81)
	at junit.framework.Assert.assertEquals(Assert.java:87)
	at TestCialfoNew.RegistrationTest.missMatchPasswordvalidationChecks(RegistrationTest.java:287)
... Removed 25 stack frames]]>
    </failure>
  </testcase> <!-- missMatchPasswordvalidationChecks -->
  <testcase name="emptyLocationvalidationChecks" time="2.332" classname="TestCialfoNew.RegistrationTest"/>
</testsuite> <!-- CialfoNewversion -->
