<?xml version="1.0" encoding="UTF-8"?>
<!-- Generated by org.testng.reporters.JUnitXMLReporter -->
<testsuite hostname="NIS-PC093" name="CialfoNewversion" tests="2" failures="2" timestamp="5 Dec 2017 14:41:28 GMT" time="39.917" errors="0">
  <testcase name="enterValuesInPersonalInfoAndCheckSucessMessage" time="9.872" classname="TestCialfoNew.ProfileEditTest">
    <failure type="java.lang.AssertionError" message="expected [Samsung SwimClub] but found [Samsung SwimCl...]">
      <![CDATA[java.lang.AssertionError: expected [Samsung SwimClub] but found [Samsung SwimCl...]
	at TestCialfoNew.ProfileEditTest.enterValuesInPersonalInfoAndCheckSucessMessage(ProfileEditTest.java:47)
... Removed 31 stack frames]]>
    </failure>
  </testcase> <!-- enterValuesInPersonalInfoAndCheckSucessMessage -->
  <testcase name="verifyFirstNamevalidationError" time="30.019" classname="TestCialfoNew.ProfileEditTest">
    <failure type="java.lang.NullPointerException">
      <![CDATA[java.lang.NullPointerException
	at Pages.ProfilePage.checkFirstNameValidationError(ProfilePage.java:98)
	at TestCialfoNew.ProfileEditTest.verifyFirstNamevalidationError(ProfileEditTest.java:123)
... Removed 25 stack frames]]>
    </failure>
  </testcase> <!-- verifyFirstNamevalidationError -->
</testsuite> <!-- CialfoNewversion -->
