<?xml version="1.0" encoding="UTF-8"?>
<!-- Generated by org.testng.reporters.JUnitXMLReporter -->
<testsuite hostname="NIS-PC091" name="CialfoNewversion" tests="12" failures="0" timestamp="28 Mar 2017 12:12:49 GMT" time="0.116" errors="0">
  <testcase name="@BeforeSuite launchAUTApplication" time="0.0" classname="BasePackage.BaseClass">
    <failure type="org.openqa.selenium.remote.UnreachableBrowserException" message="Could not start a new session. Possible causes are invalid address of the remote server or browser start-up failure.
Build info: version: &amp;apos;2.53.1&amp;apos;, revision: &amp;apos;a36b8b1cd5757287168e54b817830adce9b0158d&amp;apos;, time: &amp;apos;2016-06-30 19:26:09&amp;apos;
System info: host: &amp;apos;NIS-PC091&amp;apos;, ip: &amp;apos;192.168.1.91&amp;apos;, os.name: &amp;apos;Windows 10&amp;apos;, os.arch: &amp;apos;amd64&amp;apos;, os.version: &amp;apos;10.0&amp;apos;, java.version: &amp;apos;1.8.0_92&amp;apos;
Driver info: driver.version: OperaDriver">
      <![CDATA[org.openqa.selenium.remote.UnreachableBrowserException: Could not start a new session. Possible causes are invalid address of the remote server or browser start-up failure.
Build info: version: '2.53.1', revision: 'a36b8b1cd5757287168e54b817830adce9b0158d', time: '2016-06-30 19:26:09'
System info: host: 'NIS-PC091', ip: '192.168.1.91', os.name: 'Windows 10', os.arch: 'amd64', os.version: '10.0', java.version: '1.8.0_92'
Driver info: driver.version: OperaDriver
	at org.openqa.selenium.remote.RemoteWebDriver.execute(RemoteWebDriver.java:665)
	at org.openqa.selenium.remote.RemoteWebDriver.startSession(RemoteWebDriver.java:249)
	at org.openqa.selenium.remote.RemoteWebDriver.<init>(RemoteWebDriver.java:131)
	at org.openqa.selenium.remote.RemoteWebDriver.<init>(RemoteWebDriver.java:144)
	at org.openqa.selenium.opera.OperaDriver.<init>(OperaDriver.java:169)
	at org.openqa.selenium.opera.OperaDriver.<init>(OperaDriver.java:158)
	at org.openqa.selenium.opera.OperaDriver.<init>(OperaDriver.java:115)
	at BasePackage.DriverClass.launchBrowser(DriverClass.java:41)
	at BasePackage.BaseClass.launchAUTApplication(BaseClass.java:16)
Caused by: org.openqa.selenium.WebDriverException: java.net.SocketException: Connection reset
Build info: version: '2.53.1', revision: 'a36b8b1cd5757287168e54b817830adce9b0158d', time: '2016-06-30 19:26:09'
System info: host: 'NIS-PC091', ip: '192.168.1.91', os.name: 'Windows 10', os.arch: 'amd64', os.version: '10.0', java.version: '1.8.0_92'
Driver info: driver.version: OperaDriver
	at org.openqa.selenium.remote.service.DriverCommandExecutor.execute(DriverCommandExecutor.java:91)
	at org.openqa.selenium.remote.RemoteWebDriver.execute(RemoteWebDriver.java:644)
	... 27 more
Caused by: java.net.SocketException: Connection reset
	at java.net.SocketInputStream.read(Unknown Source)
	at java.net.SocketInputStream.read(Unknown Source)
	at org.apache.http.impl.io.SessionInputBufferImpl.streamRead(SessionInputBufferImpl.java:139)
	at org.apache.http.impl.io.SessionInputBufferImpl.fillBuffer(SessionInputBufferImpl.java:155)
	at org.apache.http.impl.io.SessionInputBufferImpl.readLine(SessionInputBufferImpl.java:284)
	at org.apache.http.impl.conn.DefaultHttpResponseParser.parseHead(DefaultHttpResponseParser.java:140)
	at org.apache.http.impl.conn.DefaultHttpResponseParser.parseHead(DefaultHttpResponseParser.java:57)
	at org.apache.http.impl.io.AbstractMessageParser.parse(AbstractMessageParser.java:261)
	at org.apache.http.impl.DefaultBHttpClientConnection.receiveResponseHeader(DefaultBHttpClientConnection.java:165)
	at org.apache.http.impl.conn.CPoolProxy.receiveResponseHeader(CPoolProxy.java:167)
	at org.apache.http.protocol.HttpRequestExecutor.doReceiveResponse(HttpRequestExecutor.java:272)
	at org.apache.http.protocol.HttpRequestExecutor.execute(HttpRequestExecutor.java:124)
	at org.apache.http.impl.execchain.MainClientExec.execute(MainClientExec.java:271)
	at org.apache.http.impl.execchain.ProtocolExec.execute(ProtocolExec.java:184)
	at org.apache.http.impl.execchain.RetryExec.execute(RetryExec.java:88)
	at org.apache.http.impl.execchain.RedirectExec.execute(RedirectExec.java:110)
	at org.apache.http.impl.client.InternalHttpClient.doExecute(InternalHttpClient.java:184)
	at org.apache.http.impl.client.CloseableHttpClient.execute(CloseableHttpClient.java:71)
	at org.apache.http.impl.client.CloseableHttpClient.execute(CloseableHttpClient.java:55)
	at org.openqa.selenium.remote.internal.ApacheHttpClient.fallBackExecute(ApacheHttpClient.java:144)
	at org.openqa.selenium.remote.internal.ApacheHttpClient.execute(ApacheHttpClient.java:90)
	at org.openqa.selenium.remote.HttpCommandExecutor.execute(HttpCommandExecutor.java:142)
	at org.openqa.selenium.remote.service.DriverCommandExecutor.execute(DriverCommandExecutor.java:82)
	... 28 more
... Removed 19 stack frames]]>
    </failure>
  </testcase> <!-- @BeforeSuite launchAUTApplication -->
  <testcase name="@AfterMethod clickGoTOSignpage" time="0.0" classname="TestCialfoNew.TestRegister">
    <skipped/>
  </testcase> <!-- @AfterMethod clickGoTOSignpage -->
  <testcase name="@AfterMethod clickGoTOSignpage" time="0.0" classname="TestCialfoNew.TestRegister">
    <skipped/>
  </testcase> <!-- @AfterMethod clickGoTOSignpage -->
  <testcase name="@AfterMethod clickGoTOSignpage" time="0.0" classname="TestCialfoNew.TestRegister">
    <skipped/>
  </testcase> <!-- @AfterMethod clickGoTOSignpage -->
  <testcase name="@AfterMethod clickGoTOSignpage" time="0.0" classname="TestCialfoNew.TestRegister">
    <skipped/>
  </testcase> <!-- @AfterMethod clickGoTOSignpage -->
  <testcase name="@AfterMethod clickGoTOSignpage" time="0.0" classname="TestCialfoNew.TestRegister">
    <skipped/>
  </testcase> <!-- @AfterMethod clickGoTOSignpage -->
  <testcase name="@AfterMethod clickGoTOSignpage" time="0.0" classname="TestCialfoNew.TestRegister">
    <skipped/>
  </testcase> <!-- @AfterMethod clickGoTOSignpage -->
  <testcase name="@AfterMethod clickGoTOSignpage" time="0.0" classname="TestCialfoNew.TestRegister">
    <skipped/>
  </testcase> <!-- @AfterMethod clickGoTOSignpage -->
  <testcase name="@AfterMethod clickGoTOSignpage" time="0.0" classname="TestCialfoNew.TestRegister">
    <skipped/>
  </testcase> <!-- @AfterMethod clickGoTOSignpage -->
  <testcase name="@AfterMethod clickGoTOSignpage" time="0.0" classname="TestCialfoNew.TestRegister">
    <skipped/>
  </testcase> <!-- @AfterMethod clickGoTOSignpage -->
  <testcase name="@AfterMethod clickGoTOSignpage" time="0.0" classname="TestCialfoNew.TestRegister">
    <skipped/>
  </testcase> <!-- @AfterMethod clickGoTOSignpage -->
  <testcase name="@AfterMethod clickGoTOSignpage" time="0.0" classname="TestCialfoNew.TestRegister">
    <skipped/>
  </testcase> <!-- @AfterMethod clickGoTOSignpage -->
  <testcase name="@AfterMethod clickGoTOSignpage" time="0.0" classname="TestCialfoNew.TestRegister">
    <skipped/>
  </testcase> <!-- @AfterMethod clickGoTOSignpage -->
  <testcase name="validRegistration" time="0.0" classname="TestCialfoNew.TestRegister">
    <skipped/>
  </testcase> <!-- validRegistration -->
  <testcase name="emptyUserNamevalidationchecks" time="0.0" classname="TestCialfoNew.TestRegister">
    <skipped/>
  </testcase> <!-- emptyUserNamevalidationchecks -->
  <testcase name="emptyEmailIDChecks" time="0.0" classname="TestCialfoNew.TestRegister">
    <skipped/>
  </testcase> <!-- emptyEmailIDChecks -->
  <testcase name="invalidEmailIdvalidationChecks" time="0.0" classname="TestCialfoNew.TestRegister">
    <skipped/>
  </testcase> <!-- invalidEmailIdvalidationChecks -->
  <testcase name="existingEmailIDValidationChecks" time="0.0" classname="TestCialfoNew.TestRegister">
    <skipped/>
  </testcase> <!-- existingEmailIDValidationChecks -->
  <testcase name="emptyFirstnameValidationChecks" time="0.0" classname="TestCialfoNew.TestRegister">
    <skipped/>
  </testcase> <!-- emptyFirstnameValidationChecks -->
  <testcase name="emptyLastNameValidationChecks" time="0.0" classname="TestCialfoNew.TestRegister">
    <skipped/>
  </testcase> <!-- emptyLastNameValidationChecks -->
  <testcase name="emptyPhoneNoValidationChecks" time="0.001" classname="TestCialfoNew.TestRegister">
    <skipped/>
  </testcase> <!-- emptyPhoneNoValidationChecks -->
  <testcase name="inValidMobileNOvalidationChecks" time="0.0" classname="TestCialfoNew.TestRegister">
    <skipped/>
  </testcase> <!-- inValidMobileNOvalidationChecks -->
  <testcase name="inValidPasswordErrorChecks" time="0.0" classname="TestCialfoNew.TestRegister">
    <skipped/>
  </testcase> <!-- inValidPasswordErrorChecks -->
  <testcase name="missMatchPasswordvalidationChecks" time="0.001" classname="TestCialfoNew.TestRegister">
    <skipped/>
  </testcase> <!-- missMatchPasswordvalidationChecks -->
  <testcase name="emptyLocationvalidationChecks" time="0.0" classname="TestCialfoNew.TestRegister">
    <skipped/>
  </testcase> <!-- emptyLocationvalidationChecks -->
</testsuite> <!-- CialfoNewversion -->
