<?xml version="1.0" encoding="UTF-8"?>
<!-- Generated by org.testng.reporters.JUnitXMLReporter -->
<testsuite hostname="NIS-PC091" name="CialfoNewversion" tests="1" failures="1" timestamp="27 Apr 2017 12:43:37 GMT" time="1.351" errors="0">
  <testcase name="checkCoach" time="1.329" classname="TestCialfoNew.MyTest">
    <failure type="java.lang.AssertionError" message="expected [sdgsdgd] but found [coach1]">
      <![CDATA[java.lang.AssertionError: expected [sdgsdgd] but found [coach1]
	at TestCialfoNew.MyTest.checkCoach(MyTest.java:37)
... Removed 31 stack frames]]>
    </failure>
  </testcase> <!-- checkCoach -->
</testsuite> <!-- CialfoNewversion -->
