<?xml version="1.0" encoding="UTF-8"?>
<!-- Generated by org.testng.reporters.JUnitXMLReporter -->
<testsuite hostname="NIS-PC093" name="CialfoNewversion" tests="1" failures="1" timestamp="21 Aug 2017 13:38:52 GMT" time="3.496" errors="0">
  <testcase name="hdhd" time="3.463" classname="TestCialfoNew.MyTest">
    <failure type="java.lang.AssertionError" message="expected [true] but found [false]">
      <![CDATA[java.lang.AssertionError: expected [true] but found [false]
	at TestCialfoNew.MyTest.hdhd(MyTest.java:49)
... Removed 31 stack frames]]>
    </failure>
  </testcase> <!-- hdhd -->
</testsuite> <!-- CialfoNewversion -->
