<?xml version="1.0" encoding="UTF-8"?>
<!-- Generated by org.testng.reporters.JUnitXMLReporter -->
<testsuite hostname="NIS-PC093" name="CialfoNewversion" tests="1" failures="1" timestamp="24 Aug 2017 12:40:38 GMT" time="1042.343" errors="0">
  <testcase name="vvvv" time="1042.309" classname="TestCialfoNew.MyTest">
    <failure type="java.lang.IndexOutOfBoundsException" message="Index: 16, Size: 16">
      <![CDATA[java.lang.IndexOutOfBoundsException: Index: 16, Size: 16
	at java.util.ArrayList.rangeCheck(Unknown Source)
	at java.util.ArrayList.get(Unknown Source)
	at TestCialfoNew.MyTest.vvvv(MyTest.java:60)
... Removed 25 stack frames]]>
    </failure>
  </testcase> <!-- vvvv -->
</testsuite> <!-- CialfoNewversion -->
