<?xml version="1.0" encoding="UTF-8"?>
<!-- Generated by org.testng.reporters.JUnitXMLReporter -->
<testsuite hostname="NIS-PC093" name="CialfoNewversion" tests="1" failures="1" timestamp="28 Aug 2017 13:53:28 GMT" time="7.438" errors="0">
  <testcase name="hhhhh" time="7.417" classname="TestCialfoNew.MyTest">
    <failure type="java.lang.AssertionError" message="expected [Sunday batch] but found [null]">
      <![CDATA[java.lang.AssertionError: expected [Sunday batch] but found [null]
	at TestCialfoNew.MyTest.hhhhh(MyTest.java:83)
... Removed 31 stack frames]]>
    </failure>
  </testcase> <!-- hhhhh -->
</testsuite> <!-- CialfoNewversion -->
