<?xml version="1.0" encoding="UTF-8"?>
<!-- Generated by org.testng.reporters.JUnitXMLReporter -->
<testsuite hostname="NIS-PC093" name="CialfoNewversion" tests="29" failures="0" timestamp="8 Jan 2018 12:14:59 GMT" time="0.086" errors="0">
  <testcase name="@BeforeSuite launchAUTApplication" time="0.0" classname="BasePackage.BaseClass">
    <failure type="org.openqa.selenium.WebDriverException" message="unknown error: cannot determine loading status
from unknown error: missing or invalid &amp;apos;entry.level&amp;apos;
  (Session info: chrome=63.0.3239.132)
  (Driver info: chromedriver=2.27.440174 (e97a722caafc2d3a8b807ee115bfb307f7d2cfd9),platform=Windows NT 10.0.10586 x86_64) (WARNING: The server did not provide any stacktrace information)
Command duration or timeout: 4.66 seconds
Build info: version: &amp;apos;2.53.1&amp;apos;, revision: &amp;apos;a36b8b1cd5757287168e54b817830adce9b0158d&amp;apos;, time: &amp;apos;2016-06-30 19:26:09&amp;apos;
System info: host: &amp;apos;NIS-PC093&amp;apos;, ip: &amp;apos;192.168.1.93&amp;apos;, os.name: &amp;apos;Windows 10&amp;apos;, os.arch: &amp;apos;amd64&amp;apos;, os.version: &amp;apos;10.0&amp;apos;, java.version: &amp;apos;1.8.0_92&amp;apos;
Driver info: org.openqa.selenium.chrome.ChromeDriver
Capabilities [{applicationCacheEnabled=false, rotatable=false, mobileEmulationEnabled=false, networkConnectionEnabled=false, chrome={chromedriverVersion=2.27.440174 (e97a722caafc2d3a8b807ee115bfb307f7d2cfd9), userDataDir=C:\Users\NICHIU~1\AppData\Local\Temp\scoped_dir5516_4569}, takesHeapSnapshot=true, pageLoadStrategy=normal, databaseEnabled=false, handlesAlerts=true, hasTouchScreen=false, version=63.0.3239.132, platform=XP, browserConnectionEnabled=false, nativeEvents=true, acceptSslCerts=true, locationContextEnabled=true, webStorageEnabled=true, browserName=chrome, takesScreenshot=true, javascriptEnabled=true, cssSelectorsEnabled=true, unexpectedAlertBehaviour=}]
Session ID: b824e86ab35f4663c790385d9970697b">
      <![CDATA[org.openqa.selenium.WebDriverException: unknown error: cannot determine loading status
from unknown error: missing or invalid 'entry.level'
  (Session info: chrome=63.0.3239.132)
  (Driver info: chromedriver=2.27.440174 (e97a722caafc2d3a8b807ee115bfb307f7d2cfd9),platform=Windows NT 10.0.10586 x86_64) (WARNING: The server did not provide any stacktrace information)
Command duration or timeout: 4.66 seconds
Build info: version: '2.53.1', revision: 'a36b8b1cd5757287168e54b817830adce9b0158d', time: '2016-06-30 19:26:09'
System info: host: 'NIS-PC093', ip: '192.168.1.93', os.name: 'Windows 10', os.arch: 'amd64', os.version: '10.0', java.version: '1.8.0_92'
Driver info: org.openqa.selenium.chrome.ChromeDriver
Capabilities [{applicationCacheEnabled=false, rotatable=false, mobileEmulationEnabled=false, networkConnectionEnabled=false, chrome={chromedriverVersion=2.27.440174 (e97a722caafc2d3a8b807ee115bfb307f7d2cfd9), userDataDir=C:\Users\NICHIU~1\AppData\Local\Temp\scoped_dir5516_4569}, takesHeapSnapshot=true, pageLoadStrategy=normal, databaseEnabled=false, handlesAlerts=true, hasTouchScreen=false, version=63.0.3239.132, platform=XP, browserConnectionEnabled=false, nativeEvents=true, acceptSslCerts=true, locationContextEnabled=true, webStorageEnabled=true, browserName=chrome, takesScreenshot=true, javascriptEnabled=true, cssSelectorsEnabled=true, unexpectedAlertBehaviour=}]
Session ID: b824e86ab35f4663c790385d9970697b
	at org.openqa.selenium.remote.ErrorHandler.createThrowable(ErrorHandler.java:206)
	at org.openqa.selenium.remote.ErrorHandler.throwIfResponseFailed(ErrorHandler.java:158)
	at org.openqa.selenium.remote.RemoteWebDriver.execute(RemoteWebDriver.java:678)
	at org.openqa.selenium.remote.RemoteWebDriver.get(RemoteWebDriver.java:316)
	at BasePackage.DriverClass.launchBrowser(DriverClass.java:47)
	at BasePackage.BaseClass.launchAUTApplication(BaseClass.java:39)
... Removed 23 stack frames]]>
    </failure>
  </testcase> <!-- @BeforeSuite launchAUTApplication -->
  <testcase name="verifyAllCachesGroupsinMessage" time="0.0" classname="TestCialfoNew.MessageTest">
    <skipped/>
  </testcase> <!-- verifyAllCachesGroupsinMessage -->
  <testcase name="verifyAllMembersGroupInMessage" time="0.0" classname="TestCialfoNew.MessageTest">
    <skipped/>
  </testcase> <!-- verifyAllMembersGroupInMessage -->
  <testcase name="sendMeesageToAllCoachesGourpabdAllMembersGroup" time="0.0" classname="TestCialfoNew.MessageTest">
    <skipped/>
  </testcase> <!-- sendMeesageToAllCoachesGourpabdAllMembersGroup -->
  <testcase name="verifyMessageInInboxPage" time="0.0" classname="TestCialfoNew.MessageTest">
    <skipped/>
  </testcase> <!-- verifyMessageInInboxPage -->
  <testcase name="verifyEmbptyvalidation" time="0.0" classname="TestCialfoNew.MessageTest">
    <skipped/>
  </testcase> <!-- verifyEmbptyvalidation -->
  <testcase name="verifyUsresValidation" time="0.0" classname="TestCialfoNew.MessageTest">
    <skipped/>
  </testcase> <!-- verifyUsresValidation -->
  <testcase name="verifySubjectValidation" time="0.0" classname="TestCialfoNew.MessageTest">
    <skipped/>
  </testcase> <!-- verifySubjectValidation -->
  <testcase name="sendMessageToCoachandSwimmer" time="0.0" classname="TestCialfoNew.MessageTest">
    <skipped/>
  </testcase> <!-- sendMessageToCoachandSwimmer -->
  <testcase name="sendMessageFromQuickMessageToGroups" time="0.0" classname="TestCialfoNew.MessageTest">
    <skipped/>
  </testcase> <!-- sendMessageFromQuickMessageToGroups -->
  <testcase name="sendMessageFromQuickMessageToSwimmerandCoach" time="0.0" classname="TestCialfoNew.MessageTest">
    <skipped/>
  </testcase> <!-- sendMessageFromQuickMessageToSwimmerandCoach -->
  <testcase name="quickMessageEmptyValidation" time="0.0" classname="TestCialfoNew.MessageTest">
    <skipped/>
  </testcase> <!-- quickMessageEmptyValidation -->
  <testcase name="verifyQuickMessageUsersValidation" time="0.0" classname="TestCialfoNew.MessageTest">
    <skipped/>
  </testcase> <!-- verifyQuickMessageUsersValidation -->
  <testcase name="verifyQuickMessageSubjectVallidation" time="0.0" classname="TestCialfoNew.MessageTest">
    <skipped/>
  </testcase> <!-- verifyQuickMessageSubjectVallidation -->
  <testcase name="verifyGroupMessageInSwimmerAccount" time="0.0" classname="TestCialfoNew.MessageTest">
    <skipped/>
  </testcase> <!-- verifyGroupMessageInSwimmerAccount -->
  <testcase name="verifyoneToOneMessageinSwimmerAccount" time="0.0" classname="TestCialfoNew.MessageTest">
    <skipped/>
  </testcase> <!-- verifyoneToOneMessageinSwimmerAccount -->
  <testcase name="verifyQuickMessagesInSwimmerAccount" time="0.0" classname="TestCialfoNew.MessageTest">
    <skipped/>
  </testcase> <!-- verifyQuickMessagesInSwimmerAccount -->
  <testcase name="verifyQuickMessagesInSwimmerAccount1" time="0.0" classname="TestCialfoNew.MessageTest">
    <skipped/>
  </testcase> <!-- verifyQuickMessagesInSwimmerAccount1 -->
  <testcase name="verifyAllCachesGroupsInSwimmerAccount" time="0.0" classname="TestCialfoNew.MessageTest">
    <skipped/>
  </testcase> <!-- verifyAllCachesGroupsInSwimmerAccount -->
  <testcase name="verifyAllMembersGroupInSwimmerAccount" time="0.0" classname="TestCialfoNew.MessageTest">
    <skipped/>
  </testcase> <!-- verifyAllMembersGroupInSwimmerAccount -->
  <testcase name="sendMessageToAllGroupFromSwimmerAccount" time="0.0" classname="TestCialfoNew.MessageTest">
    <skipped/>
  </testcase> <!-- sendMessageToAllGroupFromSwimmerAccount -->
  <testcase name="sendMessageToSwimmerandCoach" time="0.0" classname="TestCialfoNew.MessageTest">
    <skipped/>
  </testcase> <!-- sendMessageToSwimmerandCoach -->
  <testcase name="verifyEmbptyvalidationInSwimmerAccount" time="0.0" classname="TestCialfoNew.MessageTest">
    <skipped/>
  </testcase> <!-- verifyEmbptyvalidationInSwimmerAccount -->
  <testcase name="verifyUsresValidationInSwimmerAccount" time="0.0" classname="TestCialfoNew.MessageTest">
    <skipped/>
  </testcase> <!-- verifyUsresValidationInSwimmerAccount -->
  <testcase name="verifySubjectValidationInSwimmerAccount" time="0.0" classname="TestCialfoNew.MessageTest">
    <skipped/>
  </testcase> <!-- verifySubjectValidationInSwimmerAccount -->
  <testcase name="sendMessageFromQuickMessageToGroupsFromSwimmerAccount" time="0.0" classname="TestCialfoNew.MessageTest">
    <skipped/>
  </testcase> <!-- sendMessageFromQuickMessageToGroupsFromSwimmerAccount -->
  <testcase name="sendMessageFromQuickMessageToSwimmerandCoachfromSwimmerAccount" time="0.0" classname="TestCialfoNew.MessageTest">
    <skipped/>
  </testcase> <!-- sendMessageFromQuickMessageToSwimmerandCoachfromSwimmerAccount -->
  <testcase name="quickMessageEmptyValidationInSwimmerAccount" time="0.0" classname="TestCialfoNew.MessageTest">
    <skipped/>
  </testcase> <!-- quickMessageEmptyValidationInSwimmerAccount -->
  <testcase name="verifyQuickMessageUsersValidationInSwimmerAccount" time="0.0" classname="TestCialfoNew.MessageTest">
    <skipped/>
  </testcase> <!-- verifyQuickMessageUsersValidationInSwimmerAccount -->
  <testcase name="verifyQuickMessageSubjectVallidationInSwimmerAccount" time="0.0" classname="TestCialfoNew.MessageTest">
    <skipped/>
  </testcase> <!-- verifyQuickMessageSubjectVallidationInSwimmerAccount -->
</testsuite> <!-- CialfoNewversion -->
